<Event xmlns="http://schemas.microsoft.com/win/2004/08/events/event"><System><Provider Name="Microsoft-Windows-Security-Auditing" Guid="{54849625-5478-4994-a5ba-3e3b0328c30d}"></Provider>
<EventID Qualifiers="">4625</EventID>
<Version>0</Version>
<Level>0</Level>
<Task>12544</Task>
<Opcode>0</Opcode>
<Keywords>0x8010000000000000</Keywords>
<TimeCreated SystemTime="2021-11-19 22:31:28.559988"></TimeCreated>
<EventRecordID>131534</EventRecordID>
<Correlation ActivityID="" RelatedActivityID=""></Correlation>
<Execution ProcessID="512" ThreadID="1056"></Execution>
<Channel>Security</Channel>
<Computer>WIN-UV1J6MF0DTJ.will.local</Computer>
<Security UserID=""></Security>
</System>
<EventData><Data Name="SubjectUserSid">S-1-0-0</Data>
<Data Name="SubjectUserName">-</Data>
<Data Name="SubjectDomainName">-</Data>
<Data Name="SubjectLogonId">0x0000000000000000</Data>
<Data Name="TargetUserSid">S-1-0-0</Data>
<Data Name="TargetUserName">ericm</Data>
<Data Name="TargetDomainName"></Data>
<Data Name="Status">0xc000006d</Data>
<Data Name="FailureReason">%%2313</Data>
<Data Name="SubStatus">0xc000006a</Data>
<Data Name="LogonType">3</Data>
<Data Name="LogonProcessName">NtLmSsp </Data>
<Data Name="AuthenticationPackageName">NTLM</Data>
<Data Name="WorkstationName">WIN-UV1J6MF0DTJ</Data>
<Data Name="TransmittedServices">-</Data>
<Data Name="LmPackageName">-</Data>
<Data Name="KeyLength">0</Data>
<Data Name="ProcessId">0x0000000000000000</Data>
<Data Name="ProcessName">-</Data>
<Data Name="IpAddress">fe80::a96a:d5fb:c046:57a7</Data>
<Data Name="IpPort">63271</Data>
</EventData>
</Event>

<Event xmlns="http://schemas.microsoft.com/win/2004/08/events/event"><System><Provider Name="Microsoft-Windows-Security-Auditing" Guid="{54849625-5478-4994-a5ba-3e3b0328c30d}"></Provider>
<EventID Qualifiers="">4648</EventID>
<Version>0</Version>
<Level>0</Level>
<Task>12544</Task>
<Opcode>0</Opcode>
<Keywords>0x8020000000000000</Keywords>
<TimeCreated SystemTime="2021-11-19 22:31:28.716240"></TimeCreated>
<EventRecordID>131535</EventRecordID>
<Correlation ActivityID="" RelatedActivityID=""></Correlation>
<Execution ProcessID="512" ThreadID="2144"></Execution>
<Channel>Security</Channel>
<Computer>WIN-UV1J6MF0DTJ.will.local</Computer>
<Security UserID=""></Security>
</System>
<EventData><Data Name="SubjectUserSid">S-1-5-21-3777587639-3470808366-3121508069-500</Data>
<Data Name="SubjectUserName">Administrator</Data>
<Data Name="SubjectDomainName">WILL</Data>
<Data Name="SubjectLogonId">0x0000000000028b58</Data>
<Data Name="LogonGuid">{9f2e4d8f-4f8b-5d78-2782-d6cda2bc9263}</Data>
<Data Name="TargetUserName">ericm</Data>
<Data Name="TargetDomainName"></Data>
<Data Name="TargetLogonGuid">{00000000-0000-0000-0000-000000000000}</Data>
<Data Name="TargetServerName">WIN-UV1J6MF0DTJ.will.local</Data>
<Data Name="TargetInfo">WIN-UV1J6MF0DTJ.will.local</Data>
<Data Name="ProcessId">0x00000000000008f8</Data>
<Data Name="ProcessName">C:\Windows\System32\WindowsPowerShell\v1.0\powershell.exe</Data>
<Data Name="IpAddress">-</Data>
<Data Name="IpPort">-</Data>
</EventData>
</Event>

<Event xmlns="http://schemas.microsoft.com/win/2004/08/events/event"><System><Provider Name="Microsoft-Windows-Security-Auditing" Guid="{54849625-5478-4994-a5ba-3e3b0328c30d}"></Provider>
<EventID Qualifiers="">4625</EventID>
<Version>0</Version>
<Level>0</Level>
<Task>12544</Task>
<Opcode>0</Opcode>
<Keywords>0x8010000000000000</Keywords>
<TimeCreated SystemTime="2021-11-19 22:31:28.716240"></TimeCreated>
<EventRecordID>131536</EventRecordID>
<Correlation ActivityID="" RelatedActivityID=""></Correlation>
<Execution ProcessID="512" ThreadID="1412"></Execution>
<Channel>Security</Channel>
<Computer>WIN-UV1J6MF0DTJ.will.local</Computer>
<Security UserID=""></Security>
</System>
<EventData><Data Name="SubjectUserSid">S-1-0-0</Data>
<Data Name="SubjectUserName">-</Data>
<Data Name="SubjectDomainName">-</Data>
<Data Name="SubjectLogonId">0x0000000000000000</Data>
<Data Name="TargetUserSid">S-1-0-0</Data>
<Data Name="TargetUserName">ericm</Data>
<Data Name="TargetDomainName"></Data>
<Data Name="Status">0xc000006d</Data>
<Data Name="FailureReason">%%2313</Data>
<Data Name="SubStatus">0xc000006a</Data>
<Data Name="LogonType">3</Data>
<Data Name="LogonProcessName">NtLmSsp </Data>
<Data Name="AuthenticationPackageName">NTLM</Data>
<Data Name="WorkstationName">WIN-UV1J6MF0DTJ</Data>
<Data Name="TransmittedServices">-</Data>
<Data Name="LmPackageName">-</Data>
<Data Name="KeyLength">0</Data>
<Data Name="ProcessId">0x0000000000000000</Data>
<Data Name="ProcessName">-</Data>
<Data Name="IpAddress">fe80::a96a:d5fb:c046:57a7</Data>
<Data Name="IpPort">63274</Data>
</EventData>
</Event>

<Event xmlns="http://schemas.microsoft.com/win/2004/08/events/event"><System><Provider Name="Microsoft-Windows-Security-Auditing" Guid="{54849625-5478-4994-a5ba-3e3b0328c30d}"></Provider>
<EventID Qualifiers="">4648</EventID>
<Version>0</Version>
<Level>0</Level>
<Task>12544</Task>
<Opcode>0</Opcode>
<Keywords>0x8020000000000000</Keywords>
<TimeCreated SystemTime="2021-11-19 22:31:28.856867"></TimeCreated>
<EventRecordID>131537</EventRecordID>
<Correlation ActivityID="" RelatedActivityID=""></Correlation>
<Execution ProcessID="512" ThreadID="2144"></Execution>
<Channel>Security</Channel>
<Computer>WIN-UV1J6MF0DTJ.will.local</Computer>
<Security UserID=""></Security>
</System>
<EventData><Data Name="SubjectUserSid">S-1-5-21-3777587639-3470808366-3121508069-500</Data>
<Data Name="SubjectUserName">Administrator</Data>
<Data Name="SubjectDomainName">WILL</Data>
<Data Name="SubjectLogonId">0x0000000000028b58</Data>
<Data Name="LogonGuid">{9f2e4d8f-4f8b-5d78-2782-d6cda2bc9263}</Data>
<Data Name="TargetUserName">ericm</Data>
<Data Name="TargetDomainName"></Data>
<Data Name="TargetLogonGuid">{00000000-0000-0000-0000-000000000000}</Data>
<Data Name="TargetServerName">WIN-UV1J6MF0DTJ.will.local</Data>
<Data Name="TargetInfo">WIN-UV1J6MF0DTJ.will.local</Data>
<Data Name="ProcessId">0x00000000000008f8</Data>
<Data Name="ProcessName">C:\Windows\System32\WindowsPowerShell\v1.0\powershell.exe</Data>
<Data Name="IpAddress">-</Data>
<Data Name="IpPort">-</Data>
</EventData>
</Event>

<Event xmlns="http://schemas.microsoft.com/win/2004/08/events/event"><System><Provider Name="Microsoft-Windows-Security-Auditing" Guid="{54849625-5478-4994-a5ba-3e3b0328c30d}"></Provider>
<EventID Qualifiers="">4625</EventID>
<Version>0</Version>
<Level>0</Level>
<Task>12544</Task>
<Opcode>0</Opcode>
<Keywords>0x8010000000000000</Keywords>
<TimeCreated SystemTime="2021-11-19 22:31:28.856867"></TimeCreated>
<EventRecordID>131538</EventRecordID>
<Correlation ActivityID="" RelatedActivityID=""></Correlation>
<Execution ProcessID="512" ThreadID="1412"></Execution>
<Channel>Security</Channel>
<Computer>WIN-UV1J6MF0DTJ.will.local</Computer>
<Security UserID=""></Security>
</System>
<EventData><Data Name="SubjectUserSid">S-1-0-0</Data>
<Data Name="SubjectUserName">-</Data>
<Data Name="SubjectDomainName">-</Data>
<Data Name="SubjectLogonId">0x0000000000000000</Data>
<Data Name="TargetUserSid">S-1-0-0</Data>
<Data Name="TargetUserName">ericm</Data>
<Data Name="TargetDomainName"></Data>
<Data Name="Status">0xc000006d</Data>
<Data Name="FailureReason">%%2313</Data>
<Data Name="SubStatus">0xc000006a</Data>
<Data Name="LogonType">3</Data>
<Data Name="LogonProcessName">NtLmSsp </Data>
<Data Name="AuthenticationPackageName">NTLM</Data>
<Data Name="WorkstationName">WIN-UV1J6MF0DTJ</Data>
<Data Name="TransmittedServices">-</Data>
<Data Name="LmPackageName">-</Data>
<Data Name="KeyLength">0</Data>
<Data Name="ProcessId">0x0000000000000000</Data>
<Data Name="ProcessName">-</Data>
<Data Name="IpAddress">fe80::a96a:d5fb:c046:57a7</Data>
<Data Name="IpPort">63276</Data>
</EventData>
</Event>

<Event xmlns="http://schemas.microsoft.com/win/2004/08/events/event"><System><Provider Name="Microsoft-Windows-Security-Auditing" Guid="{54849625-5478-4994-a5ba-3e3b0328c30d}"></Provider>
<EventID Qualifiers="">4648</EventID>
<Version>0</Version>
<Level>0</Level>
<Task>12544</Task>
<Opcode>0</Opcode>
<Keywords>0x8020000000000000</Keywords>
<TimeCreated SystemTime="2021-11-19 22:31:28.997490"></TimeCreated>
<EventRecordID>131539</EventRecordID>
<Correlation ActivityID="" RelatedActivityID=""></Correlation>
<Execution ProcessID="512" ThreadID="2144"></Execution>
<Channel>Security</Channel>
<Computer>WIN-UV1J6MF0DTJ.will.local</Computer>
<Security UserID=""></Security>
</System>
<EventData><Data Name="SubjectUserSid">S-1-5-21-3777587639-3470808366-3121508069-500</Data>
<Data Name="SubjectUserName">Administrator</Data>
<Data Name="SubjectDomainName">WILL</Data>
<Data Name="SubjectLogonId">0x0000000000028b58</Data>
<Data Name="LogonGuid">{9f2e4d8f-4f8b-5d78-2782-d6cda2bc9263}</Data>
<Data Name="TargetUserName">ericm</Data>
<Data Name="TargetDomainName"></Data>
<Data Name="TargetLogonGuid">{00000000-0000-0000-0000-000000000000}</Data>
<Data Name="TargetServerName">WIN-UV1J6MF0DTJ.will.local</Data>
<Data Name="TargetInfo">WIN-UV1J6MF0DTJ.will.local</Data>
<Data Name="ProcessId">0x00000000000008f8</Data>
<Data Name="ProcessName">C:\Windows\System32\WindowsPowerShell\v1.0\powershell.exe</Data>
<Data Name="IpAddress">-</Data>
<Data Name="IpPort">-</Data>
</EventData>
</Event>

<Event xmlns="http://schemas.microsoft.com/win/2004/08/events/event"><System><Provider Name="Microsoft-Windows-Security-Auditing" Guid="{54849625-5478-4994-a5ba-3e3b0328c30d}"></Provider>
<EventID Qualifiers="">4625</EventID>
<Version>0</Version>
<Level>0</Level>
<Task>12544</Task>
<Opcode>0</Opcode>
<Keywords>0x8010000000000000</Keywords>
<TimeCreated SystemTime="2021-11-19 22:31:28.997490"></TimeCreated>
<EventRecordID>131540</EventRecordID>
<Correlation ActivityID="" RelatedActivityID=""></Correlation>
<Execution ProcessID="512" ThreadID="1412"></Execution>
<Channel>Security</Channel>
<Computer>WIN-UV1J6MF0DTJ.will.local</Computer>
<Security UserID=""></Security>
</System>
<EventData><Data Name="SubjectUserSid">S-1-0-0</Data>
<Data Name="SubjectUserName">-</Data>
<Data Name="SubjectDomainName">-</Data>
<Data Name="SubjectLogonId">0x0000000000000000</Data>
<Data Name="TargetUserSid">S-1-0-0</Data>
<Data Name="TargetUserName">ericm</Data>
<Data Name="TargetDomainName"></Data>
<Data Name="Status">0xc000006d</Data>
<Data Name="FailureReason">%%2313</Data>
<Data Name="SubStatus">0xc000006a</Data>
<Data Name="LogonType">3</Data>
<Data Name="LogonProcessName">NtLmSsp </Data>
<Data Name="AuthenticationPackageName">NTLM</Data>
<Data Name="WorkstationName">WIN-UV1J6MF0DTJ</Data>
<Data Name="TransmittedServices">-</Data>
<Data Name="LmPackageName">-</Data>
<Data Name="KeyLength">0</Data>
<Data Name="ProcessId">0x0000000000000000</Data>
<Data Name="ProcessName">-</Data>
<Data Name="IpAddress">fe80::a96a:d5fb:c046:57a7</Data>
<Data Name="IpPort">63278</Data>
</EventData>
</Event>

<Event xmlns="http://schemas.microsoft.com/win/2004/08/events/event"><System><Provider Name="Microsoft-Windows-Security-Auditing" Guid="{54849625-5478-4994-a5ba-3e3b0328c30d}"></Provider>
<EventID Qualifiers="">4648</EventID>
<Version>0</Version>
<Level>0</Level>
<Task>12544</Task>
<Opcode>0</Opcode>
<Keywords>0x8020000000000000</Keywords>
<TimeCreated SystemTime="2021-11-19 22:31:29.138119"></TimeCreated>
<EventRecordID>131541</EventRecordID>
<Correlation ActivityID="" RelatedActivityID=""></Correlation>
<Execution ProcessID="512" ThreadID="2144"></Execution>
<Channel>Security</Channel>
<Computer>WIN-UV1J6MF0DTJ.will.local</Computer>
<Security UserID=""></Security>
</System>
<EventData><Data Name="SubjectUserSid">S-1-5-21-3777587639-3470808366-3121508069-500</Data>
<Data Name="SubjectUserName">Administrator</Data>
<Data Name="SubjectDomainName">WILL</Data>
<Data Name="SubjectLogonId">0x0000000000028b58</Data>
<Data Name="LogonGuid">{9f2e4d8f-4f8b-5d78-2782-d6cda2bc9263}</Data>
<Data Name="TargetUserName">ericm</Data>
<Data Name="TargetDomainName"></Data>
<Data Name="TargetLogonGuid">{00000000-0000-0000-0000-000000000000}</Data>
<Data Name="TargetServerName">WIN-UV1J6MF0DTJ.will.local</Data>
<Data Name="TargetInfo">WIN-UV1J6MF0DTJ.will.local</Data>
<Data Name="ProcessId">0x00000000000008f8</Data>
<Data Name="ProcessName">C:\Windows\System32\WindowsPowerShell\v1.0\powershell.exe</Data>
<Data Name="IpAddress">-</Data>
<Data Name="IpPort">-</Data>
</EventData>
</Event>

<Event xmlns="http://schemas.microsoft.com/win/2004/08/events/event"><System><Provider Name="Microsoft-Windows-Security-Auditing" Guid="{54849625-5478-4994-a5ba-3e3b0328c30d}"></Provider>
<EventID Qualifiers="">4625</EventID>
<Version>0</Version>
<Level>0</Level>
<Task>12544</Task>
<Opcode>0</Opcode>
<Keywords>0x8010000000000000</Keywords>
<TimeCreated SystemTime="2021-11-19 22:31:29.138119"></TimeCreated>
<EventRecordID>131542</EventRecordID>
<Correlation ActivityID="" RelatedActivityID=""></Correlation>
<Execution ProcessID="512" ThreadID="1412"></Execution>
<Channel>Security</Channel>
<Computer>WIN-UV1J6MF0DTJ.will.local</Computer>
<Security UserID=""></Security>
</System>
<EventData><Data Name="SubjectUserSid">S-1-0-0</Data>
<Data Name="SubjectUserName">-</Data>
<Data Name="SubjectDomainName">-</Data>
<Data Name="SubjectLogonId">0x0000000000000000</Data>
<Data Name="TargetUserSid">S-1-0-0</Data>
<Data Name="TargetUserName">ericm</Data>
<Data Name="TargetDomainName"></Data>
<Data Name="Status">0xc000006d</Data>
<Data Name="FailureReason">%%2313</Data>
<Data Name="SubStatus">0xc000006a</Data>
<Data Name="LogonType">3</Data>
<Data Name="LogonProcessName">NtLmSsp </Data>
<Data Name="AuthenticationPackageName">NTLM</Data>
<Data Name="WorkstationName">WIN-UV1J6MF0DTJ</Data>
<Data Name="TransmittedServices">-</Data>
<Data Name="LmPackageName">-</Data>
<Data Name="KeyLength">0</Data>
<Data Name="ProcessId">0x0000000000000000</Data>
<Data Name="ProcessName">-</Data>
<Data Name="IpAddress">fe80::a96a:d5fb:c046:57a7</Data>
<Data Name="IpPort">63280</Data>
</EventData>
</Event>

<Event xmlns="http://schemas.microsoft.com/win/2004/08/events/event"><System><Provider Name="Microsoft-Windows-Security-Auditing" Guid="{54849625-5478-4994-a5ba-3e3b0328c30d}"></Provider>
<EventID Qualifiers="">4648</EventID>
<Version>0</Version>
<Level>0</Level>
<Task>12544</Task>
<Opcode>0</Opcode>
<Keywords>0x8020000000000000</Keywords>
<TimeCreated SystemTime="2021-11-19 22:31:29.278744"></TimeCreated>
<EventRecordID>131543</EventRecordID>
<Correlation ActivityID="" RelatedActivityID=""></Correlation>
<Execution ProcessID="512" ThreadID="2144"></Execution>
<Channel>Security</Channel>
<Computer>WIN-UV1J6MF0DTJ.will.local</Computer>
<Security UserID=""></Security>
</System>
<EventData><Data Name="SubjectUserSid">S-1-5-21-3777587639-3470808366-3121508069-500</Data>
<Data Name="SubjectUserName">Administrator</Data>
<Data Name="SubjectDomainName">WILL</Data>
<Data Name="SubjectLogonId">0x0000000000028b58</Data>
<Data Name="LogonGuid">{9f2e4d8f-4f8b-5d78-2782-d6cda2bc9263}</Data>
<Data Name="TargetUserName">ericm</Data>
<Data Name="TargetDomainName"></Data>
<Data Name="TargetLogonGuid">{00000000-0000-0000-0000-000000000000}</Data>
<Data Name="TargetServerName">WIN-UV1J6MF0DTJ.will.local</Data>
<Data Name="TargetInfo">WIN-UV1J6MF0DTJ.will.local</Data>
<Data Name="ProcessId">0x00000000000008f8</Data>
<Data Name="ProcessName">C:\Windows\System32\WindowsPowerShell\v1.0\powershell.exe</Data>
<Data Name="IpAddress">-</Data>
<Data Name="IpPort">-</Data>
</EventData>
</Event>

<Event xmlns="http://schemas.microsoft.com/win/2004/08/events/event"><System><Provider Name="Microsoft-Windows-Security-Auditing" Guid="{54849625-5478-4994-a5ba-3e3b0328c30d}"></Provider>
<EventID Qualifiers="">4672</EventID>
<Version>0</Version>
<Level>0</Level>
<Task>12548</Task>
<Opcode>0</Opcode>
<Keywords>0x8020000000000000</Keywords>
<TimeCreated SystemTime="2021-11-19 22:31:29.278744"></TimeCreated>
<EventRecordID>131544</EventRecordID>
<Correlation ActivityID="" RelatedActivityID=""></Correlation>
<Execution ProcessID="512" ThreadID="1056"></Execution>
<Channel>Security</Channel>
<Computer>WIN-UV1J6MF0DTJ.will.local</Computer>
<Security UserID=""></Security>
</System>
<EventData><Data Name="SubjectUserSid">S-1-5-18</Data>
<Data Name="SubjectUserName">WIN-UV1J6MF0DTJ$</Data>
<Data Name="SubjectDomainName">WILL</Data>
<Data Name="SubjectLogonId">0x00000000001cd872</Data>
<Data Name="PrivilegeList">SeSecurityPrivilege
			SeBackupPrivilege
			SeRestorePrivilege
			SeTakeOwnershipPrivilege
			SeDebugPrivilege
			SeSystemEnvironmentPrivilege
			SeLoadDriverPrivilege
			SeImpersonatePrivilege
			SeEnableDelegationPrivilege</Data>
</EventData>
</Event>

<Event xmlns="http://schemas.microsoft.com/win/2004/08/events/event"><System><Provider Name="Microsoft-Windows-Security-Auditing" Guid="{54849625-5478-4994-a5ba-3e3b0328c30d}"></Provider>
<EventID Qualifiers="">4624</EventID>
<Version>1</Version>
<Level>0</Level>
<Task>12544</Task>
<Opcode>0</Opcode>
<Keywords>0x8020000000000000</Keywords>
<TimeCreated SystemTime="2021-11-19 22:31:29.278744"></TimeCreated>
<EventRecordID>131545</EventRecordID>
<Correlation ActivityID="" RelatedActivityID=""></Correlation>
<Execution ProcessID="512" ThreadID="1056"></Execution>
<Channel>Security</Channel>
<Computer>WIN-UV1J6MF0DTJ.will.local</Computer>
<Security UserID=""></Security>
</System>
<EventData><Data Name="SubjectUserSid">S-1-0-0</Data>
<Data Name="SubjectUserName">-</Data>
<Data Name="SubjectDomainName">-</Data>
<Data Name="SubjectLogonId">0x0000000000000000</Data>
<Data Name="TargetUserSid">S-1-5-18</Data>
<Data Name="TargetUserName">WIN-UV1J6MF0DTJ$</Data>
<Data Name="TargetDomainName">WILL</Data>
<Data Name="TargetLogonId">0x00000000001cd872</Data>
<Data Name="LogonType">3</Data>
<Data Name="LogonProcessName">Kerberos</Data>
<Data Name="AuthenticationPackageName">Kerberos</Data>
<Data Name="WorkstationName"></Data>
<Data Name="LogonGuid">{764c16ad-2e8a-db99-0ec2-4c23f7a1f701}</Data>
<Data Name="TransmittedServices">-</Data>
<Data Name="LmPackageName">-</Data>
<Data Name="KeyLength">0</Data>
<Data Name="ProcessId">0x0000000000000000</Data>
<Data Name="ProcessName">-</Data>
<Data Name="IpAddress">fe80::a96a:d5fb:c046:57a7</Data>
<Data Name="IpPort">63283</Data>
<Data Name="ImpersonationLevel">%%1833</Data>
</EventData>
</Event>

<Event xmlns="http://schemas.microsoft.com/win/2004/08/events/event"><System><Provider Name="Microsoft-Windows-Security-Auditing" Guid="{54849625-5478-4994-a5ba-3e3b0328c30d}"></Provider>
<EventID Qualifiers="">4625</EventID>
<Version>0</Version>
<Level>0</Level>
<Task>12544</Task>
<Opcode>0</Opcode>
<Keywords>0x8010000000000000</Keywords>
<TimeCreated SystemTime="2021-11-19 22:31:29.278744"></TimeCreated>
<EventRecordID>131546</EventRecordID>
<Correlation ActivityID="" RelatedActivityID=""></Correlation>
<Execution ProcessID="512" ThreadID="1412"></Execution>
<Channel>Security</Channel>
<Computer>WIN-UV1J6MF0DTJ.will.local</Computer>
<Security UserID=""></Security>
</System>
<EventData><Data Name="SubjectUserSid">S-1-0-0</Data>
<Data Name="SubjectUserName">-</Data>
<Data Name="SubjectDomainName">-</Data>
<Data Name="SubjectLogonId">0x0000000000000000</Data>
<Data Name="TargetUserSid">S-1-0-0</Data>
<Data Name="TargetUserName">ericm</Data>
<Data Name="TargetDomainName"></Data>
<Data Name="Status">0xc000006d</Data>
<Data Name="FailureReason">%%2313</Data>
<Data Name="SubStatus">0xc000006a</Data>
<Data Name="LogonType">3</Data>
<Data Name="LogonProcessName">NtLmSsp </Data>
<Data Name="AuthenticationPackageName">NTLM</Data>
<Data Name="WorkstationName">WIN-UV1J6MF0DTJ</Data>
<Data Name="TransmittedServices">-</Data>
<Data Name="LmPackageName">-</Data>
<Data Name="KeyLength">0</Data>
<Data Name="ProcessId">0x0000000000000000</Data>
<Data Name="ProcessName">-</Data>
<Data Name="IpAddress">fe80::a96a:d5fb:c046:57a7</Data>
<Data Name="IpPort">63282</Data>
</EventData>
</Event>

<Event xmlns="http://schemas.microsoft.com/win/2004/08/events/event"><System><Provider Name="Microsoft-Windows-Security-Auditing" Guid="{54849625-5478-4994-a5ba-3e3b0328c30d}"></Provider>
<EventID Qualifiers="">4672</EventID>
<Version>0</Version>
<Level>0</Level>
<Task>12548</Task>
<Opcode>0</Opcode>
<Keywords>0x8020000000000000</Keywords>
<TimeCreated SystemTime="2021-11-19 22:31:29.294369"></TimeCreated>
<EventRecordID>131547</EventRecordID>
<Correlation ActivityID="" RelatedActivityID=""></Correlation>
<Execution ProcessID="512" ThreadID="2144"></Execution>
<Channel>Security</Channel>
<Computer>WIN-UV1J6MF0DTJ.will.local</Computer>
<Security UserID=""></Security>
</System>
<EventData><Data Name="SubjectUserSid">S-1-5-18</Data>
<Data Name="SubjectUserName">WIN-UV1J6MF0DTJ$</Data>
<Data Name="SubjectDomainName">WILL</Data>
<Data Name="SubjectLogonId">0x00000000001cd93f</Data>
<Data Name="PrivilegeList">SeSecurityPrivilege
			SeBackupPrivilege
			SeRestorePrivilege
			SeTakeOwnershipPrivilege
			SeDebugPrivilege
			SeSystemEnvironmentPrivilege
			SeLoadDriverPrivilege
			SeImpersonatePrivilege
			SeEnableDelegationPrivilege</Data>
</EventData>
</Event>

<Event xmlns="http://schemas.microsoft.com/win/2004/08/events/event"><System><Provider Name="Microsoft-Windows-Security-Auditing" Guid="{54849625-5478-4994-a5ba-3e3b0328c30d}"></Provider>
<EventID Qualifiers="">4624</EventID>
<Version>1</Version>
<Level>0</Level>
<Task>12544</Task>
<Opcode>0</Opcode>
<Keywords>0x8020000000000000</Keywords>
<TimeCreated SystemTime="2021-11-19 22:31:29.294369"></TimeCreated>
<EventRecordID>131548</EventRecordID>
<Correlation ActivityID="" RelatedActivityID=""></Correlation>
<Execution ProcessID="512" ThreadID="2144"></Execution>
<Channel>Security</Channel>
<Computer>WIN-UV1J6MF0DTJ.will.local</Computer>
<Security UserID=""></Security>
</System>
<EventData><Data Name="SubjectUserSid">S-1-0-0</Data>
<Data Name="SubjectUserName">-</Data>
<Data Name="SubjectDomainName">-</Data>
<Data Name="SubjectLogonId">0x0000000000000000</Data>
<Data Name="TargetUserSid">S-1-5-18</Data>
<Data Name="TargetUserName">WIN-UV1J6MF0DTJ$</Data>
<Data Name="TargetDomainName">WILL</Data>
<Data Name="TargetLogonId">0x00000000001cd93f</Data>
<Data Name="LogonType">3</Data>
<Data Name="LogonProcessName">Kerberos</Data>
<Data Name="AuthenticationPackageName">Kerberos</Data>
<Data Name="WorkstationName"></Data>
<Data Name="LogonGuid">{9c8c1298-a7ef-c1b2-b8a3-e224afe0edd5}</Data>
<Data Name="TransmittedServices">-</Data>
<Data Name="LmPackageName">-</Data>
<Data Name="KeyLength">0</Data>
<Data Name="ProcessId">0x0000000000000000</Data>
<Data Name="ProcessName">-</Data>
<Data Name="IpAddress">::1</Data>
<Data Name="IpPort">0</Data>
<Data Name="ImpersonationLevel">%%1833</Data>
</EventData>
</Event>

<Event xmlns="http://schemas.microsoft.com/win/2004/08/events/event"><System><Provider Name="Microsoft-Windows-Security-Auditing" Guid="{54849625-5478-4994-a5ba-3e3b0328c30d}"></Provider>
<EventID Qualifiers="">4672</EventID>
<Version>0</Version>
<Level>0</Level>
<Task>12548</Task>
<Opcode>0</Opcode>
<Keywords>0x8020000000000000</Keywords>
<TimeCreated SystemTime="2021-11-19 22:31:29.294369"></TimeCreated>
<EventRecordID>131549</EventRecordID>
<Correlation ActivityID="" RelatedActivityID=""></Correlation>
<Execution ProcessID="512" ThreadID="1412"></Execution>
<Channel>Security</Channel>
<Computer>WIN-UV1J6MF0DTJ.will.local</Computer>
<Security UserID=""></Security>
</System>
<EventData><Data Name="SubjectUserSid">S-1-5-18</Data>
<Data Name="SubjectUserName">WIN-UV1J6MF0DTJ$</Data>
<Data Name="SubjectDomainName">WILL</Data>
<Data Name="SubjectLogonId">0x00000000001cd97f</Data>
<Data Name="PrivilegeList">SeSecurityPrivilege
			SeBackupPrivilege
			SeRestorePrivilege
			SeTakeOwnershipPrivilege
			SeDebugPrivilege
			SeSystemEnvironmentPrivilege
			SeLoadDriverPrivilege
			SeImpersonatePrivilege
			SeEnableDelegationPrivilege</Data>
</EventData>
</Event>

<Event xmlns="http://schemas.microsoft.com/win/2004/08/events/event"><System><Provider Name="Microsoft-Windows-Security-Auditing" Guid="{54849625-5478-4994-a5ba-3e3b0328c30d}"></Provider>
<EventID Qualifiers="">4624</EventID>
<Version>1</Version>
<Level>0</Level>
<Task>12544</Task>
<Opcode>0</Opcode>
<Keywords>0x8020000000000000</Keywords>
<TimeCreated SystemTime="2021-11-19 22:31:29.294369"></TimeCreated>
<EventRecordID>131550</EventRecordID>
<Correlation ActivityID="" RelatedActivityID=""></Correlation>
<Execution ProcessID="512" ThreadID="1412"></Execution>
<Channel>Security</Channel>
<Computer>WIN-UV1J6MF0DTJ.will.local</Computer>
<Security UserID=""></Security>
</System>
<EventData><Data Name="SubjectUserSid">S-1-0-0</Data>
<Data Name="SubjectUserName">-</Data>
<Data Name="SubjectDomainName">-</Data>
<Data Name="SubjectLogonId">0x0000000000000000</Data>
<Data Name="TargetUserSid">S-1-5-18</Data>
<Data Name="TargetUserName">WIN-UV1J6MF0DTJ$</Data>
<Data Name="TargetDomainName">WILL</Data>
<Data Name="TargetLogonId">0x00000000001cd97f</Data>
<Data Name="LogonType">3</Data>
<Data Name="LogonProcessName">Kerberos</Data>
<Data Name="AuthenticationPackageName">Kerberos</Data>
<Data Name="WorkstationName"></Data>
<Data Name="LogonGuid">{764c16ad-2e8a-db99-0ec2-4c23f7a1f701}</Data>
<Data Name="TransmittedServices">-</Data>
<Data Name="LmPackageName">-</Data>
<Data Name="KeyLength">0</Data>
<Data Name="ProcessId">0x0000000000000000</Data>
<Data Name="ProcessName">-</Data>
<Data Name="IpAddress">192.168.100.130</Data>
<Data Name="IpPort">63284</Data>
<Data Name="ImpersonationLevel">%%1833</Data>
</EventData>
</Event>

<Event xmlns="http://schemas.microsoft.com/win/2004/08/events/event"><System><Provider Name="Microsoft-Windows-Security-Auditing" Guid="{54849625-5478-4994-a5ba-3e3b0328c30d}"></Provider>
<EventID Qualifiers="">4634</EventID>
<Version>0</Version>
<Level>0</Level>
<Task>12545</Task>
<Opcode>0</Opcode>
<Keywords>0x8020000000000000</Keywords>
<TimeCreated SystemTime="2021-11-19 22:31:29.388123"></TimeCreated>
<EventRecordID>131551</EventRecordID>
<Correlation ActivityID="" RelatedActivityID=""></Correlation>
<Execution ProcessID="512" ThreadID="2144"></Execution>
<Channel>Security</Channel>
<Computer>WIN-UV1J6MF0DTJ.will.local</Computer>
<Security UserID=""></Security>
</System>
<EventData><Data Name="TargetUserSid">S-1-5-18</Data>
<Data Name="TargetUserName">WIN-UV1J6MF0DTJ$</Data>
<Data Name="TargetDomainName">WILL</Data>
<Data Name="TargetLogonId">0x00000000001cd97f</Data>
<Data Name="LogonType">3</Data>
</EventData>
</Event>

<Event xmlns="http://schemas.microsoft.com/win/2004/08/events/event"><System><Provider Name="Microsoft-Windows-Security-Auditing" Guid="{54849625-5478-4994-a5ba-3e3b0328c30d}"></Provider>
<EventID Qualifiers="">4634</EventID>
<Version>0</Version>
<Level>0</Level>
<Task>12545</Task>
<Opcode>0</Opcode>
<Keywords>0x8020000000000000</Keywords>
<TimeCreated SystemTime="2021-11-19 22:31:29.388123"></TimeCreated>
<EventRecordID>131552</EventRecordID>
<Correlation ActivityID="" RelatedActivityID=""></Correlation>
<Execution ProcessID="512" ThreadID="2144"></Execution>
<Channel>Security</Channel>
<Computer>WIN-UV1J6MF0DTJ.will.local</Computer>
<Security UserID=""></Security>
</System>
<EventData><Data Name="TargetUserSid">S-1-5-18</Data>
<Data Name="TargetUserName">WIN-UV1J6MF0DTJ$</Data>
<Data Name="TargetDomainName">WILL</Data>
<Data Name="TargetLogonId">0x00000000001cd93f</Data>
<Data Name="LogonType">3</Data>
</EventData>
</Event>

<Event xmlns="http://schemas.microsoft.com/win/2004/08/events/event"><System><Provider Name="Microsoft-Windows-Security-Auditing" Guid="{54849625-5478-4994-a5ba-3e3b0328c30d}"></Provider>
<EventID Qualifiers="">4634</EventID>
<Version>0</Version>
<Level>0</Level>
<Task>12545</Task>
<Opcode>0</Opcode>
<Keywords>0x8020000000000000</Keywords>
<TimeCreated SystemTime="2021-11-19 22:31:29.388123"></TimeCreated>
<EventRecordID>131553</EventRecordID>
<Correlation ActivityID="" RelatedActivityID=""></Correlation>
<Execution ProcessID="512" ThreadID="532"></Execution>
<Channel>Security</Channel>
<Computer>WIN-UV1J6MF0DTJ.will.local</Computer>
<Security UserID=""></Security>
</System>
<EventData><Data Name="TargetUserSid">S-1-5-18</Data>
<Data Name="TargetUserName">WIN-UV1J6MF0DTJ$</Data>
<Data Name="TargetDomainName">WILL</Data>
<Data Name="TargetLogonId">0x00000000001cd872</Data>
<Data Name="LogonType">3</Data>
</EventData>
</Event>

<Event xmlns="http://schemas.microsoft.com/win/2004/08/events/event"><System><Provider Name="Microsoft-Windows-Security-Auditing" Guid="{54849625-5478-4994-a5ba-3e3b0328c30d}"></Provider>
<EventID Qualifiers="">4648</EventID>
<Version>0</Version>
<Level>0</Level>
<Task>12544</Task>
<Opcode>0</Opcode>
<Keywords>0x8020000000000000</Keywords>
<TimeCreated SystemTime="2021-11-19 22:31:29.434994"></TimeCreated>
<EventRecordID>131554</EventRecordID>
<Correlation ActivityID="" RelatedActivityID=""></Correlation>
<Execution ProcessID="512" ThreadID="2128"></Execution>
<Channel>Security</Channel>
<Computer>WIN-UV1J6MF0DTJ.will.local</Computer>
<Security UserID=""></Security>
</System>
<EventData><Data Name="SubjectUserSid">S-1-5-21-3777587639-3470808366-3121508069-500</Data>
<Data Name="SubjectUserName">Administrator</Data>
<Data Name="SubjectDomainName">WILL</Data>
<Data Name="SubjectLogonId">0x0000000000028b58</Data>
<Data Name="LogonGuid">{9f2e4d8f-4f8b-5d78-2782-d6cda2bc9263}</Data>
<Data Name="TargetUserName">ericm</Data>
<Data Name="TargetDomainName"></Data>
<Data Name="TargetLogonGuid">{00000000-0000-0000-0000-000000000000}</Data>
<Data Name="TargetServerName">WIN-UV1J6MF0DTJ.will.local</Data>
<Data Name="TargetInfo">WIN-UV1J6MF0DTJ.will.local</Data>
<Data Name="ProcessId">0x00000000000008f8</Data>
<Data Name="ProcessName">C:\Windows\System32\WindowsPowerShell\v1.0\powershell.exe</Data>
<Data Name="IpAddress">-</Data>
<Data Name="IpPort">-</Data>
</EventData>
</Event>

<Event xmlns="http://schemas.microsoft.com/win/2004/08/events/event"><System><Provider Name="Microsoft-Windows-Security-Auditing" Guid="{54849625-5478-4994-a5ba-3e3b0328c30d}"></Provider>
<EventID Qualifiers="">4625</EventID>
<Version>0</Version>
<Level>0</Level>
<Task>12544</Task>
<Opcode>0</Opcode>
<Keywords>0x8010000000000000</Keywords>
<TimeCreated SystemTime="2021-11-19 22:31:29.434994"></TimeCreated>
<EventRecordID>131555</EventRecordID>
<Correlation ActivityID="" RelatedActivityID=""></Correlation>
<Execution ProcessID="512" ThreadID="1412"></Execution>
<Channel>Security</Channel>
<Computer>WIN-UV1J6MF0DTJ.will.local</Computer>
<Security UserID=""></Security>
</System>
<EventData><Data Name="SubjectUserSid">S-1-0-0</Data>
<Data Name="SubjectUserName">-</Data>
<Data Name="SubjectDomainName">-</Data>
<Data Name="SubjectLogonId">0x0000000000000000</Data>
<Data Name="TargetUserSid">S-1-0-0</Data>
<Data Name="TargetUserName">ericm</Data>
<Data Name="TargetDomainName"></Data>
<Data Name="Status">0xc000006d</Data>
<Data Name="FailureReason">%%2313</Data>
<Data Name="SubStatus">0xc000006a</Data>
<Data Name="LogonType">3</Data>
<Data Name="LogonProcessName">NtLmSsp </Data>
<Data Name="AuthenticationPackageName">NTLM</Data>
<Data Name="WorkstationName">WIN-UV1J6MF0DTJ</Data>
<Data Name="TransmittedServices">-</Data>
<Data Name="LmPackageName">-</Data>
<Data Name="KeyLength">0</Data>
<Data Name="ProcessId">0x0000000000000000</Data>
<Data Name="ProcessName">-</Data>
<Data Name="IpAddress">fe80::a96a:d5fb:c046:57a7</Data>
<Data Name="IpPort">63286</Data>
</EventData>
</Event>

<Event xmlns="http://schemas.microsoft.com/win/2004/08/events/event"><System><Provider Name="Microsoft-Windows-Security-Auditing" Guid="{54849625-5478-4994-a5ba-3e3b0328c30d}"></Provider>
<EventID Qualifiers="">4648</EventID>
<Version>0</Version>
<Level>0</Level>
<Task>12544</Task>
<Opcode>0</Opcode>
<Keywords>0x8020000000000000</Keywords>
<TimeCreated SystemTime="2021-11-19 22:31:29.575619"></TimeCreated>
<EventRecordID>131556</EventRecordID>
<Correlation ActivityID="" RelatedActivityID=""></Correlation>
<Execution ProcessID="512" ThreadID="2128"></Execution>
<Channel>Security</Channel>
<Computer>WIN-UV1J6MF0DTJ.will.local</Computer>
<Security UserID=""></Security>
</System>
<EventData><Data Name="SubjectUserSid">S-1-5-21-3777587639-3470808366-3121508069-500</Data>
<Data Name="SubjectUserName">Administrator</Data>
<Data Name="SubjectDomainName">WILL</Data>
<Data Name="SubjectLogonId">0x0000000000028b58</Data>
<Data Name="LogonGuid">{9f2e4d8f-4f8b-5d78-2782-d6cda2bc9263}</Data>
<Data Name="TargetUserName">ericm</Data>
<Data Name="TargetDomainName"></Data>
<Data Name="TargetLogonGuid">{00000000-0000-0000-0000-000000000000}</Data>
<Data Name="TargetServerName">WIN-UV1J6MF0DTJ.will.local</Data>
<Data Name="TargetInfo">WIN-UV1J6MF0DTJ.will.local</Data>
<Data Name="ProcessId">0x00000000000008f8</Data>
<Data Name="ProcessName">C:\Windows\System32\WindowsPowerShell\v1.0\powershell.exe</Data>
<Data Name="IpAddress">-</Data>
<Data Name="IpPort">-</Data>
</EventData>
</Event>

<Event xmlns="http://schemas.microsoft.com/win/2004/08/events/event"><System><Provider Name="Microsoft-Windows-Security-Auditing" Guid="{54849625-5478-4994-a5ba-3e3b0328c30d}"></Provider>
<EventID Qualifiers="">4625</EventID>
<Version>0</Version>
<Level>0</Level>
<Task>12544</Task>
<Opcode>0</Opcode>
<Keywords>0x8010000000000000</Keywords>
<TimeCreated SystemTime="2021-11-19 22:31:29.575619"></TimeCreated>
<EventRecordID>131557</EventRecordID>
<Correlation ActivityID="" RelatedActivityID=""></Correlation>
<Execution ProcessID="512" ThreadID="1412"></Execution>
<Channel>Security</Channel>
<Computer>WIN-UV1J6MF0DTJ.will.local</Computer>
<Security UserID=""></Security>
</System>
<EventData><Data Name="SubjectUserSid">S-1-0-0</Data>
<Data Name="SubjectUserName">-</Data>
<Data Name="SubjectDomainName">-</Data>
<Data Name="SubjectLogonId">0x0000000000000000</Data>
<Data Name="TargetUserSid">S-1-0-0</Data>
<Data Name="TargetUserName">ericm</Data>
<Data Name="TargetDomainName"></Data>
<Data Name="Status">0xc000006d</Data>
<Data Name="FailureReason">%%2313</Data>
<Data Name="SubStatus">0xc000006a</Data>
<Data Name="LogonType">3</Data>
<Data Name="LogonProcessName">NtLmSsp </Data>
<Data Name="AuthenticationPackageName">NTLM</Data>
<Data Name="WorkstationName">WIN-UV1J6MF0DTJ</Data>
<Data Name="TransmittedServices">-</Data>
<Data Name="LmPackageName">-</Data>
<Data Name="KeyLength">0</Data>
<Data Name="ProcessId">0x0000000000000000</Data>
<Data Name="ProcessName">-</Data>
<Data Name="IpAddress">fe80::a96a:d5fb:c046:57a7</Data>
<Data Name="IpPort">63288</Data>
</EventData>
</Event>

<Event xmlns="http://schemas.microsoft.com/win/2004/08/events/event"><System><Provider Name="Microsoft-Windows-Security-Auditing" Guid="{54849625-5478-4994-a5ba-3e3b0328c30d}"></Provider>
<EventID Qualifiers="">4648</EventID>
<Version>0</Version>
<Level>0</Level>
<Task>12544</Task>
<Opcode>0</Opcode>
<Keywords>0x8020000000000000</Keywords>
<TimeCreated SystemTime="2021-11-19 22:31:29.716249"></TimeCreated>
<EventRecordID>131558</EventRecordID>
<Correlation ActivityID="" RelatedActivityID=""></Correlation>
<Execution ProcessID="512" ThreadID="2128"></Execution>
<Channel>Security</Channel>
<Computer>WIN-UV1J6MF0DTJ.will.local</Computer>
<Security UserID=""></Security>
</System>
<EventData><Data Name="SubjectUserSid">S-1-5-21-3777587639-3470808366-3121508069-500</Data>
<Data Name="SubjectUserName">Administrator</Data>
<Data Name="SubjectDomainName">WILL</Data>
<Data Name="SubjectLogonId">0x0000000000028b58</Data>
<Data Name="LogonGuid">{9f2e4d8f-4f8b-5d78-2782-d6cda2bc9263}</Data>
<Data Name="TargetUserName">ericm</Data>
<Data Name="TargetDomainName"></Data>
<Data Name="TargetLogonGuid">{00000000-0000-0000-0000-000000000000}</Data>
<Data Name="TargetServerName">WIN-UV1J6MF0DTJ.will.local</Data>
<Data Name="TargetInfo">WIN-UV1J6MF0DTJ.will.local</Data>
<Data Name="ProcessId">0x00000000000008f8</Data>
<Data Name="ProcessName">C:\Windows\System32\WindowsPowerShell\v1.0\powershell.exe</Data>
<Data Name="IpAddress">-</Data>
<Data Name="IpPort">-</Data>
</EventData>
</Event>

<Event xmlns="http://schemas.microsoft.com/win/2004/08/events/event"><System><Provider Name="Microsoft-Windows-Security-Auditing" Guid="{54849625-5478-4994-a5ba-3e3b0328c30d}"></Provider>
<EventID Qualifiers="">4625</EventID>
<Version>0</Version>
<Level>0</Level>
<Task>12544</Task>
<Opcode>0</Opcode>
<Keywords>0x8010000000000000</Keywords>
<TimeCreated SystemTime="2021-11-19 22:31:29.716249"></TimeCreated>
<EventRecordID>131559</EventRecordID>
<Correlation ActivityID="" RelatedActivityID=""></Correlation>
<Execution ProcessID="512" ThreadID="1412"></Execution>
<Channel>Security</Channel>
<Computer>WIN-UV1J6MF0DTJ.will.local</Computer>
<Security UserID=""></Security>
</System>
<EventData><Data Name="SubjectUserSid">S-1-0-0</Data>
<Data Name="SubjectUserName">-</Data>
<Data Name="SubjectDomainName">-</Data>
<Data Name="SubjectLogonId">0x0000000000000000</Data>
<Data Name="TargetUserSid">S-1-0-0</Data>
<Data Name="TargetUserName">ericm</Data>
<Data Name="TargetDomainName"></Data>
<Data Name="Status">0xc000006d</Data>
<Data Name="FailureReason">%%2313</Data>
<Data Name="SubStatus">0xc000006a</Data>
<Data Name="LogonType">3</Data>
<Data Name="LogonProcessName">NtLmSsp </Data>
<Data Name="AuthenticationPackageName">NTLM</Data>
<Data Name="WorkstationName">WIN-UV1J6MF0DTJ</Data>
<Data Name="TransmittedServices">-</Data>
<Data Name="LmPackageName">-</Data>
<Data Name="KeyLength">0</Data>
<Data Name="ProcessId">0x0000000000000000</Data>
<Data Name="ProcessName">-</Data>
<Data Name="IpAddress">fe80::a96a:d5fb:c046:57a7</Data>
<Data Name="IpPort">63290</Data>
</EventData>
</Event>

<Event xmlns="http://schemas.microsoft.com/win/2004/08/events/event"><System><Provider Name="Microsoft-Windows-Security-Auditing" Guid="{54849625-5478-4994-a5ba-3e3b0328c30d}"></Provider>
<EventID Qualifiers="">4648</EventID>
<Version>0</Version>
<Level>0</Level>
<Task>12544</Task>
<Opcode>0</Opcode>
<Keywords>0x8020000000000000</Keywords>
<TimeCreated SystemTime="2021-11-19 22:31:29.872501"></TimeCreated>
<EventRecordID>131560</EventRecordID>
<Correlation ActivityID="" RelatedActivityID=""></Correlation>
<Execution ProcessID="512" ThreadID="2128"></Execution>
<Channel>Security</Channel>
<Computer>WIN-UV1J6MF0DTJ.will.local</Computer>
<Security UserID=""></Security>
</System>
<EventData><Data Name="SubjectUserSid">S-1-5-21-3777587639-3470808366-3121508069-500</Data>
<Data Name="SubjectUserName">Administrator</Data>
<Data Name="SubjectDomainName">WILL</Data>
<Data Name="SubjectLogonId">0x0000000000028b58</Data>
<Data Name="LogonGuid">{9f2e4d8f-4f8b-5d78-2782-d6cda2bc9263}</Data>
<Data Name="TargetUserName">ericm</Data>
<Data Name="TargetDomainName"></Data>
<Data Name="TargetLogonGuid">{00000000-0000-0000-0000-000000000000}</Data>
<Data Name="TargetServerName">WIN-UV1J6MF0DTJ.will.local</Data>
<Data Name="TargetInfo">WIN-UV1J6MF0DTJ.will.local</Data>
<Data Name="ProcessId">0x00000000000008f8</Data>
<Data Name="ProcessName">C:\Windows\System32\WindowsPowerShell\v1.0\powershell.exe</Data>
<Data Name="IpAddress">-</Data>
<Data Name="IpPort">-</Data>
</EventData>
</Event>

<Event xmlns="http://schemas.microsoft.com/win/2004/08/events/event"><System><Provider Name="Microsoft-Windows-Security-Auditing" Guid="{54849625-5478-4994-a5ba-3e3b0328c30d}"></Provider>
<EventID Qualifiers="">4625</EventID>
<Version>0</Version>
<Level>0</Level>
<Task>12544</Task>
<Opcode>0</Opcode>
<Keywords>0x8010000000000000</Keywords>
<TimeCreated SystemTime="2021-11-19 22:31:29.872501"></TimeCreated>
<EventRecordID>131561</EventRecordID>
<Correlation ActivityID="" RelatedActivityID=""></Correlation>
<Execution ProcessID="512" ThreadID="1412"></Execution>
<Channel>Security</Channel>
<Computer>WIN-UV1J6MF0DTJ.will.local</Computer>
<Security UserID=""></Security>
</System>
<EventData><Data Name="SubjectUserSid">S-1-0-0</Data>
<Data Name="SubjectUserName">-</Data>
<Data Name="SubjectDomainName">-</Data>
<Data Name="SubjectLogonId">0x0000000000000000</Data>
<Data Name="TargetUserSid">S-1-0-0</Data>
<Data Name="TargetUserName">ericm</Data>
<Data Name="TargetDomainName"></Data>
<Data Name="Status">0xc000006d</Data>
<Data Name="FailureReason">%%2313</Data>
<Data Name="SubStatus">0xc000006a</Data>
<Data Name="LogonType">3</Data>
<Data Name="LogonProcessName">NtLmSsp </Data>
<Data Name="AuthenticationPackageName">NTLM</Data>
<Data Name="WorkstationName">WIN-UV1J6MF0DTJ</Data>
<Data Name="TransmittedServices">-</Data>
<Data Name="LmPackageName">-</Data>
<Data Name="KeyLength">0</Data>
<Data Name="ProcessId">0x0000000000000000</Data>
<Data Name="ProcessName">-</Data>
<Data Name="IpAddress">fe80::a96a:d5fb:c046:57a7</Data>
<Data Name="IpPort">63292</Data>
</EventData>
</Event>

<Event xmlns="http://schemas.microsoft.com/win/2004/08/events/event"><System><Provider Name="Microsoft-Windows-Security-Auditing" Guid="{54849625-5478-4994-a5ba-3e3b0328c30d}"></Provider>
<EventID Qualifiers="">4648</EventID>
<Version>0</Version>
<Level>0</Level>
<Task>12544</Task>
<Opcode>0</Opcode>
<Keywords>0x8020000000000000</Keywords>
<TimeCreated SystemTime="2021-11-19 22:31:30.037136"></TimeCreated>
<EventRecordID>131562</EventRecordID>
<Correlation ActivityID="" RelatedActivityID=""></Correlation>
<Execution ProcessID="512" ThreadID="2128"></Execution>
<Channel>Security</Channel>
<Computer>WIN-UV1J6MF0DTJ.will.local</Computer>
<Security UserID=""></Security>
</System>
<EventData><Data Name="SubjectUserSid">S-1-5-21-3777587639-3470808366-3121508069-500</Data>
<Data Name="SubjectUserName">Administrator</Data>
<Data Name="SubjectDomainName">WILL</Data>
<Data Name="SubjectLogonId">0x0000000000028b58</Data>
<Data Name="LogonGuid">{9f2e4d8f-4f8b-5d78-2782-d6cda2bc9263}</Data>
<Data Name="TargetUserName">ericm</Data>
<Data Name="TargetDomainName"></Data>
<Data Name="TargetLogonGuid">{00000000-0000-0000-0000-000000000000}</Data>
<Data Name="TargetServerName">WIN-UV1J6MF0DTJ.will.local</Data>
<Data Name="TargetInfo">WIN-UV1J6MF0DTJ.will.local</Data>
<Data Name="ProcessId">0x00000000000008f8</Data>
<Data Name="ProcessName">C:\Windows\System32\WindowsPowerShell\v1.0\powershell.exe</Data>
<Data Name="IpAddress">-</Data>
<Data Name="IpPort">-</Data>
</EventData>
</Event>

<Event xmlns="http://schemas.microsoft.com/win/2004/08/events/event"><System><Provider Name="Microsoft-Windows-Security-Auditing" Guid="{54849625-5478-4994-a5ba-3e3b0328c30d}"></Provider>
<EventID Qualifiers="">4625</EventID>
<Version>0</Version>
<Level>0</Level>
<Task>12544</Task>
<Opcode>0</Opcode>
<Keywords>0x8010000000000000</Keywords>
<TimeCreated SystemTime="2021-11-19 22:31:30.037136"></TimeCreated>
<EventRecordID>131563</EventRecordID>
<Correlation ActivityID="" RelatedActivityID=""></Correlation>
<Execution ProcessID="512" ThreadID="1056"></Execution>
<Channel>Security</Channel>
<Computer>WIN-UV1J6MF0DTJ.will.local</Computer>
<Security UserID=""></Security>
</System>
<EventData><Data Name="SubjectUserSid">S-1-0-0</Data>
<Data Name="SubjectUserName">-</Data>
<Data Name="SubjectDomainName">-</Data>
<Data Name="SubjectLogonId">0x0000000000000000</Data>
<Data Name="TargetUserSid">S-1-0-0</Data>
<Data Name="TargetUserName">ericm</Data>
<Data Name="TargetDomainName"></Data>
<Data Name="Status">0xc000006d</Data>
<Data Name="FailureReason">%%2313</Data>
<Data Name="SubStatus">0xc000006a</Data>
<Data Name="LogonType">3</Data>
<Data Name="LogonProcessName">NtLmSsp </Data>
<Data Name="AuthenticationPackageName">NTLM</Data>
<Data Name="WorkstationName">WIN-UV1J6MF0DTJ</Data>
<Data Name="TransmittedServices">-</Data>
<Data Name="LmPackageName">-</Data>
<Data Name="KeyLength">0</Data>
<Data Name="ProcessId">0x0000000000000000</Data>
<Data Name="ProcessName">-</Data>
<Data Name="IpAddress">fe80::a96a:d5fb:c046:57a7</Data>
<Data Name="IpPort">63295</Data>
</EventData>
</Event>

<Event xmlns="http://schemas.microsoft.com/win/2004/08/events/event"><System><Provider Name="Microsoft-Windows-Security-Auditing" Guid="{54849625-5478-4994-a5ba-3e3b0328c30d}"></Provider>
<EventID Qualifiers="">4648</EventID>
<Version>0</Version>
<Level>0</Level>
<Task>12544</Task>
<Opcode>0</Opcode>
<Keywords>0x8020000000000000</Keywords>
<TimeCreated SystemTime="2021-11-19 22:31:30.177740"></TimeCreated>
<EventRecordID>131564</EventRecordID>
<Correlation ActivityID="" RelatedActivityID=""></Correlation>
<Execution ProcessID="512" ThreadID="2128"></Execution>
<Channel>Security</Channel>
<Computer>WIN-UV1J6MF0DTJ.will.local</Computer>
<Security UserID=""></Security>
</System>
<EventData><Data Name="SubjectUserSid">S-1-5-21-3777587639-3470808366-3121508069-500</Data>
<Data Name="SubjectUserName">Administrator</Data>
<Data Name="SubjectDomainName">WILL</Data>
<Data Name="SubjectLogonId">0x0000000000028b58</Data>
<Data Name="LogonGuid">{9f2e4d8f-4f8b-5d78-2782-d6cda2bc9263}</Data>
<Data Name="TargetUserName">ericm</Data>
<Data Name="TargetDomainName"></Data>
<Data Name="TargetLogonGuid">{00000000-0000-0000-0000-000000000000}</Data>
<Data Name="TargetServerName">WIN-UV1J6MF0DTJ.will.local</Data>
<Data Name="TargetInfo">WIN-UV1J6MF0DTJ.will.local</Data>
<Data Name="ProcessId">0x00000000000008f8</Data>
<Data Name="ProcessName">C:\Windows\System32\WindowsPowerShell\v1.0\powershell.exe</Data>
<Data Name="IpAddress">-</Data>
<Data Name="IpPort">-</Data>
</EventData>
</Event>

<Event xmlns="http://schemas.microsoft.com/win/2004/08/events/event"><System><Provider Name="Microsoft-Windows-Security-Auditing" Guid="{54849625-5478-4994-a5ba-3e3b0328c30d}"></Provider>
<EventID Qualifiers="">4625</EventID>
<Version>0</Version>
<Level>0</Level>
<Task>12544</Task>
<Opcode>0</Opcode>
<Keywords>0x8010000000000000</Keywords>
<TimeCreated SystemTime="2021-11-19 22:31:30.177740"></TimeCreated>
<EventRecordID>131565</EventRecordID>
<Correlation ActivityID="" RelatedActivityID=""></Correlation>
<Execution ProcessID="512" ThreadID="1056"></Execution>
<Channel>Security</Channel>
<Computer>WIN-UV1J6MF0DTJ.will.local</Computer>
<Security UserID=""></Security>
</System>
<EventData><Data Name="SubjectUserSid">S-1-0-0</Data>
<Data Name="SubjectUserName">-</Data>
<Data Name="SubjectDomainName">-</Data>
<Data Name="SubjectLogonId">0x0000000000000000</Data>
<Data Name="TargetUserSid">S-1-0-0</Data>
<Data Name="TargetUserName">ericm</Data>
<Data Name="TargetDomainName"></Data>
<Data Name="Status">0xc000006d</Data>
<Data Name="FailureReason">%%2313</Data>
<Data Name="SubStatus">0xc000006a</Data>
<Data Name="LogonType">3</Data>
<Data Name="LogonProcessName">NtLmSsp </Data>
<Data Name="AuthenticationPackageName">NTLM</Data>
<Data Name="WorkstationName">WIN-UV1J6MF0DTJ</Data>
<Data Name="TransmittedServices">-</Data>
<Data Name="LmPackageName">-</Data>
<Data Name="KeyLength">0</Data>
<Data Name="ProcessId">0x0000000000000000</Data>
<Data Name="ProcessName">-</Data>
<Data Name="IpAddress">fe80::a96a:d5fb:c046:57a7</Data>
<Data Name="IpPort">63297</Data>
</EventData>
</Event>

<Event xmlns="http://schemas.microsoft.com/win/2004/08/events/event"><System><Provider Name="Microsoft-Windows-Security-Auditing" Guid="{54849625-5478-4994-a5ba-3e3b0328c30d}"></Provider>
<EventID Qualifiers="">4648</EventID>
<Version>0</Version>
<Level>0</Level>
<Task>12544</Task>
<Opcode>0</Opcode>
<Keywords>0x8020000000000000</Keywords>
<TimeCreated SystemTime="2021-11-19 22:31:30.318367"></TimeCreated>
<EventRecordID>131566</EventRecordID>
<Correlation ActivityID="" RelatedActivityID=""></Correlation>
<Execution ProcessID="512" ThreadID="2128"></Execution>
<Channel>Security</Channel>
<Computer>WIN-UV1J6MF0DTJ.will.local</Computer>
<Security UserID=""></Security>
</System>
<EventData><Data Name="SubjectUserSid">S-1-5-21-3777587639-3470808366-3121508069-500</Data>
<Data Name="SubjectUserName">Administrator</Data>
<Data Name="SubjectDomainName">WILL</Data>
<Data Name="SubjectLogonId">0x0000000000028b58</Data>
<Data Name="LogonGuid">{9f2e4d8f-4f8b-5d78-2782-d6cda2bc9263}</Data>
<Data Name="TargetUserName">ericm</Data>
<Data Name="TargetDomainName"></Data>
<Data Name="TargetLogonGuid">{00000000-0000-0000-0000-000000000000}</Data>
<Data Name="TargetServerName">WIN-UV1J6MF0DTJ.will.local</Data>
<Data Name="TargetInfo">WIN-UV1J6MF0DTJ.will.local</Data>
<Data Name="ProcessId">0x00000000000008f8</Data>
<Data Name="ProcessName">C:\Windows\System32\WindowsPowerShell\v1.0\powershell.exe</Data>
<Data Name="IpAddress">-</Data>
<Data Name="IpPort">-</Data>
</EventData>
</Event>

<Event xmlns="http://schemas.microsoft.com/win/2004/08/events/event"><System><Provider Name="Microsoft-Windows-Security-Auditing" Guid="{54849625-5478-4994-a5ba-3e3b0328c30d}"></Provider>
<EventID Qualifiers="">4625</EventID>
<Version>0</Version>
<Level>0</Level>
<Task>12544</Task>
<Opcode>0</Opcode>
<Keywords>0x8010000000000000</Keywords>
<TimeCreated SystemTime="2021-11-19 22:31:30.318367"></TimeCreated>
<EventRecordID>131567</EventRecordID>
<Correlation ActivityID="" RelatedActivityID=""></Correlation>
<Execution ProcessID="512" ThreadID="1056"></Execution>
<Channel>Security</Channel>
<Computer>WIN-UV1J6MF0DTJ.will.local</Computer>
<Security UserID=""></Security>
</System>
<EventData><Data Name="SubjectUserSid">S-1-0-0</Data>
<Data Name="SubjectUserName">-</Data>
<Data Name="SubjectDomainName">-</Data>
<Data Name="SubjectLogonId">0x0000000000000000</Data>
<Data Name="TargetUserSid">S-1-0-0</Data>
<Data Name="TargetUserName">ericm</Data>
<Data Name="TargetDomainName"></Data>
<Data Name="Status">0xc000006d</Data>
<Data Name="FailureReason">%%2313</Data>
<Data Name="SubStatus">0xc000006a</Data>
<Data Name="LogonType">3</Data>
<Data Name="LogonProcessName">NtLmSsp </Data>
<Data Name="AuthenticationPackageName">NTLM</Data>
<Data Name="WorkstationName">WIN-UV1J6MF0DTJ</Data>
<Data Name="TransmittedServices">-</Data>
<Data Name="LmPackageName">-</Data>
<Data Name="KeyLength">0</Data>
<Data Name="ProcessId">0x0000000000000000</Data>
<Data Name="ProcessName">-</Data>
<Data Name="IpAddress">fe80::a96a:d5fb:c046:57a7</Data>
<Data Name="IpPort">63299</Data>
</EventData>
</Event>

