<Event xmlns="http://schemas.microsoft.com/win/2004/08/events/event"><System><Provider Name="Microsoft-Windows-Security-Auditing" Guid="{54849625-5478-4994-a5ba-3e3b0328c30d}"></Provider>
<EventID Qualifiers="">4648</EventID>
<Version>0</Version>
<Level>0</Level>
<Task>12544</Task>
<Opcode>0</Opcode>
<Keywords>0x8020000000000000</Keywords>
<TimeCreated SystemTime="2021-11-19 22:30:56.901651"></TimeCreated>
<EventRecordID>131054</EventRecordID>
<Correlation ActivityID="" RelatedActivityID=""></Correlation>
<Execution ProcessID="512" ThreadID="2144"></Execution>
<Channel>Security</Channel>
<Computer>WIN-UV1J6MF0DTJ.will.local</Computer>
<Security UserID=""></Security>
</System>
<EventData><Data Name="SubjectUserSid">S-1-5-21-3777587639-3470808366-3121508069-500</Data>
<Data Name="SubjectUserName">Administrator</Data>
<Data Name="SubjectDomainName">WILL</Data>
<Data Name="SubjectLogonId">0x0000000000028b58</Data>
<Data Name="LogonGuid">{9f2e4d8f-4f8b-5d78-2782-d6cda2bc9263}</Data>
<Data Name="TargetUserName">ericm</Data>
<Data Name="TargetDomainName"></Data>
<Data Name="TargetLogonGuid">{00000000-0000-0000-0000-000000000000}</Data>
<Data Name="TargetServerName">WIN-UV1J6MF0DTJ.will.local</Data>
<Data Name="TargetInfo">WIN-UV1J6MF0DTJ.will.local</Data>
<Data Name="ProcessId">0x00000000000008f8</Data>
<Data Name="ProcessName">C:\Windows\System32\WindowsPowerShell\v1.0\powershell.exe</Data>
<Data Name="IpAddress">-</Data>
<Data Name="IpPort">-</Data>
</EventData>
</Event>

<Event xmlns="http://schemas.microsoft.com/win/2004/08/events/event"><System><Provider Name="Microsoft-Windows-Security-Auditing" Guid="{54849625-5478-4994-a5ba-3e3b0328c30d}"></Provider>
<EventID Qualifiers="">4625</EventID>
<Version>0</Version>
<Level>0</Level>
<Task>12544</Task>
<Opcode>0</Opcode>
<Keywords>0x8010000000000000</Keywords>
<TimeCreated SystemTime="2021-11-19 22:30:56.901651"></TimeCreated>
<EventRecordID>131055</EventRecordID>
<Correlation ActivityID="" RelatedActivityID=""></Correlation>
<Execution ProcessID="512" ThreadID="1412"></Execution>
<Channel>Security</Channel>
<Computer>WIN-UV1J6MF0DTJ.will.local</Computer>
<Security UserID=""></Security>
</System>
<EventData><Data Name="SubjectUserSid">S-1-0-0</Data>
<Data Name="SubjectUserName">-</Data>
<Data Name="SubjectDomainName">-</Data>
<Data Name="SubjectLogonId">0x0000000000000000</Data>
<Data Name="TargetUserSid">S-1-0-0</Data>
<Data Name="TargetUserName">ericm</Data>
<Data Name="TargetDomainName"></Data>
<Data Name="Status">0xc000006d</Data>
<Data Name="FailureReason">%%2313</Data>
<Data Name="SubStatus">0xc000006a</Data>
<Data Name="LogonType">3</Data>
<Data Name="LogonProcessName">NtLmSsp </Data>
<Data Name="AuthenticationPackageName">NTLM</Data>
<Data Name="WorkstationName">WIN-UV1J6MF0DTJ</Data>
<Data Name="TransmittedServices">-</Data>
<Data Name="LmPackageName">-</Data>
<Data Name="KeyLength">0</Data>
<Data Name="ProcessId">0x0000000000000000</Data>
<Data Name="ProcessName">-</Data>
<Data Name="IpAddress">fe80::a96a:d5fb:c046:57a7</Data>
<Data Name="IpPort">62776</Data>
</EventData>
</Event>

<Event xmlns="http://schemas.microsoft.com/win/2004/08/events/event"><System><Provider Name="Microsoft-Windows-Security-Auditing" Guid="{54849625-5478-4994-a5ba-3e3b0328c30d}"></Provider>
<EventID Qualifiers="">4648</EventID>
<Version>0</Version>
<Level>0</Level>
<Task>12544</Task>
<Opcode>0</Opcode>
<Keywords>0x8020000000000000</Keywords>
<TimeCreated SystemTime="2021-11-19 22:30:57.042280"></TimeCreated>
<EventRecordID>131056</EventRecordID>
<Correlation ActivityID="" RelatedActivityID=""></Correlation>
<Execution ProcessID="512" ThreadID="532"></Execution>
<Channel>Security</Channel>
<Computer>WIN-UV1J6MF0DTJ.will.local</Computer>
<Security UserID=""></Security>
</System>
<EventData><Data Name="SubjectUserSid">S-1-5-21-3777587639-3470808366-3121508069-500</Data>
<Data Name="SubjectUserName">Administrator</Data>
<Data Name="SubjectDomainName">WILL</Data>
<Data Name="SubjectLogonId">0x0000000000028b58</Data>
<Data Name="LogonGuid">{9f2e4d8f-4f8b-5d78-2782-d6cda2bc9263}</Data>
<Data Name="TargetUserName">ericm</Data>
<Data Name="TargetDomainName"></Data>
<Data Name="TargetLogonGuid">{00000000-0000-0000-0000-000000000000}</Data>
<Data Name="TargetServerName">WIN-UV1J6MF0DTJ.will.local</Data>
<Data Name="TargetInfo">WIN-UV1J6MF0DTJ.will.local</Data>
<Data Name="ProcessId">0x00000000000008f8</Data>
<Data Name="ProcessName">C:\Windows\System32\WindowsPowerShell\v1.0\powershell.exe</Data>
<Data Name="IpAddress">-</Data>
<Data Name="IpPort">-</Data>
</EventData>
</Event>

<Event xmlns="http://schemas.microsoft.com/win/2004/08/events/event"><System><Provider Name="Microsoft-Windows-Security-Auditing" Guid="{54849625-5478-4994-a5ba-3e3b0328c30d}"></Provider>
<EventID Qualifiers="">4625</EventID>
<Version>0</Version>
<Level>0</Level>
<Task>12544</Task>
<Opcode>0</Opcode>
<Keywords>0x8010000000000000</Keywords>
<TimeCreated SystemTime="2021-11-19 22:30:57.042280"></TimeCreated>
<EventRecordID>131057</EventRecordID>
<Correlation ActivityID="" RelatedActivityID=""></Correlation>
<Execution ProcessID="512" ThreadID="1412"></Execution>
<Channel>Security</Channel>
<Computer>WIN-UV1J6MF0DTJ.will.local</Computer>
<Security UserID=""></Security>
</System>
<EventData><Data Name="SubjectUserSid">S-1-0-0</Data>
<Data Name="SubjectUserName">-</Data>
<Data Name="SubjectDomainName">-</Data>
<Data Name="SubjectLogonId">0x0000000000000000</Data>
<Data Name="TargetUserSid">S-1-0-0</Data>
<Data Name="TargetUserName">ericm</Data>
<Data Name="TargetDomainName"></Data>
<Data Name="Status">0xc000006d</Data>
<Data Name="FailureReason">%%2313</Data>
<Data Name="SubStatus">0xc000006a</Data>
<Data Name="LogonType">3</Data>
<Data Name="LogonProcessName">NtLmSsp </Data>
<Data Name="AuthenticationPackageName">NTLM</Data>
<Data Name="WorkstationName">WIN-UV1J6MF0DTJ</Data>
<Data Name="TransmittedServices">-</Data>
<Data Name="LmPackageName">-</Data>
<Data Name="KeyLength">0</Data>
<Data Name="ProcessId">0x0000000000000000</Data>
<Data Name="ProcessName">-</Data>
<Data Name="IpAddress">fe80::a96a:d5fb:c046:57a7</Data>
<Data Name="IpPort">62778</Data>
</EventData>
</Event>

<Event xmlns="http://schemas.microsoft.com/win/2004/08/events/event"><System><Provider Name="Microsoft-Windows-Security-Auditing" Guid="{54849625-5478-4994-a5ba-3e3b0328c30d}"></Provider>
<EventID Qualifiers="">4648</EventID>
<Version>0</Version>
<Level>0</Level>
<Task>12544</Task>
<Opcode>0</Opcode>
<Keywords>0x8020000000000000</Keywords>
<TimeCreated SystemTime="2021-11-19 22:30:57.198538"></TimeCreated>
<EventRecordID>131058</EventRecordID>
<Correlation ActivityID="" RelatedActivityID=""></Correlation>
<Execution ProcessID="512" ThreadID="532"></Execution>
<Channel>Security</Channel>
<Computer>WIN-UV1J6MF0DTJ.will.local</Computer>
<Security UserID=""></Security>
</System>
<EventData><Data Name="SubjectUserSid">S-1-5-21-3777587639-3470808366-3121508069-500</Data>
<Data Name="SubjectUserName">Administrator</Data>
<Data Name="SubjectDomainName">WILL</Data>
<Data Name="SubjectLogonId">0x0000000000028b58</Data>
<Data Name="LogonGuid">{9f2e4d8f-4f8b-5d78-2782-d6cda2bc9263}</Data>
<Data Name="TargetUserName">ericm</Data>
<Data Name="TargetDomainName"></Data>
<Data Name="TargetLogonGuid">{00000000-0000-0000-0000-000000000000}</Data>
<Data Name="TargetServerName">WIN-UV1J6MF0DTJ.will.local</Data>
<Data Name="TargetInfo">WIN-UV1J6MF0DTJ.will.local</Data>
<Data Name="ProcessId">0x00000000000008f8</Data>
<Data Name="ProcessName">C:\Windows\System32\WindowsPowerShell\v1.0\powershell.exe</Data>
<Data Name="IpAddress">-</Data>
<Data Name="IpPort">-</Data>
</EventData>
</Event>

<Event xmlns="http://schemas.microsoft.com/win/2004/08/events/event"><System><Provider Name="Microsoft-Windows-Security-Auditing" Guid="{54849625-5478-4994-a5ba-3e3b0328c30d}"></Provider>
<EventID Qualifiers="">4625</EventID>
<Version>0</Version>
<Level>0</Level>
<Task>12544</Task>
<Opcode>0</Opcode>
<Keywords>0x8010000000000000</Keywords>
<TimeCreated SystemTime="2021-11-19 22:30:57.198538"></TimeCreated>
<EventRecordID>131059</EventRecordID>
<Correlation ActivityID="" RelatedActivityID=""></Correlation>
<Execution ProcessID="512" ThreadID="1056"></Execution>
<Channel>Security</Channel>
<Computer>WIN-UV1J6MF0DTJ.will.local</Computer>
<Security UserID=""></Security>
</System>
<EventData><Data Name="SubjectUserSid">S-1-0-0</Data>
<Data Name="SubjectUserName">-</Data>
<Data Name="SubjectDomainName">-</Data>
<Data Name="SubjectLogonId">0x0000000000000000</Data>
<Data Name="TargetUserSid">S-1-0-0</Data>
<Data Name="TargetUserName">ericm</Data>
<Data Name="TargetDomainName"></Data>
<Data Name="Status">0xc000006d</Data>
<Data Name="FailureReason">%%2313</Data>
<Data Name="SubStatus">0xc000006a</Data>
<Data Name="LogonType">3</Data>
<Data Name="LogonProcessName">NtLmSsp </Data>
<Data Name="AuthenticationPackageName">NTLM</Data>
<Data Name="WorkstationName">WIN-UV1J6MF0DTJ</Data>
<Data Name="TransmittedServices">-</Data>
<Data Name="LmPackageName">-</Data>
<Data Name="KeyLength">0</Data>
<Data Name="ProcessId">0x0000000000000000</Data>
<Data Name="ProcessName">-</Data>
<Data Name="IpAddress">fe80::a96a:d5fb:c046:57a7</Data>
<Data Name="IpPort">62781</Data>
</EventData>
</Event>

<Event xmlns="http://schemas.microsoft.com/win/2004/08/events/event"><System><Provider Name="Microsoft-Windows-Security-Auditing" Guid="{54849625-5478-4994-a5ba-3e3b0328c30d}"></Provider>
<EventID Qualifiers="">4648</EventID>
<Version>0</Version>
<Level>0</Level>
<Task>12544</Task>
<Opcode>0</Opcode>
<Keywords>0x8020000000000000</Keywords>
<TimeCreated SystemTime="2021-11-19 22:30:57.339153"></TimeCreated>
<EventRecordID>131060</EventRecordID>
<Correlation ActivityID="" RelatedActivityID=""></Correlation>
<Execution ProcessID="512" ThreadID="532"></Execution>
<Channel>Security</Channel>
<Computer>WIN-UV1J6MF0DTJ.will.local</Computer>
<Security UserID=""></Security>
</System>
<EventData><Data Name="SubjectUserSid">S-1-5-21-3777587639-3470808366-3121508069-500</Data>
<Data Name="SubjectUserName">Administrator</Data>
<Data Name="SubjectDomainName">WILL</Data>
<Data Name="SubjectLogonId">0x0000000000028b58</Data>
<Data Name="LogonGuid">{9f2e4d8f-4f8b-5d78-2782-d6cda2bc9263}</Data>
<Data Name="TargetUserName">ericm</Data>
<Data Name="TargetDomainName"></Data>
<Data Name="TargetLogonGuid">{00000000-0000-0000-0000-000000000000}</Data>
<Data Name="TargetServerName">WIN-UV1J6MF0DTJ.will.local</Data>
<Data Name="TargetInfo">WIN-UV1J6MF0DTJ.will.local</Data>
<Data Name="ProcessId">0x00000000000008f8</Data>
<Data Name="ProcessName">C:\Windows\System32\WindowsPowerShell\v1.0\powershell.exe</Data>
<Data Name="IpAddress">-</Data>
<Data Name="IpPort">-</Data>
</EventData>
</Event>

<Event xmlns="http://schemas.microsoft.com/win/2004/08/events/event"><System><Provider Name="Microsoft-Windows-Security-Auditing" Guid="{54849625-5478-4994-a5ba-3e3b0328c30d}"></Provider>
<EventID Qualifiers="">4625</EventID>
<Version>0</Version>
<Level>0</Level>
<Task>12544</Task>
<Opcode>0</Opcode>
<Keywords>0x8010000000000000</Keywords>
<TimeCreated SystemTime="2021-11-19 22:30:57.339153"></TimeCreated>
<EventRecordID>131061</EventRecordID>
<Correlation ActivityID="" RelatedActivityID=""></Correlation>
<Execution ProcessID="512" ThreadID="1056"></Execution>
<Channel>Security</Channel>
<Computer>WIN-UV1J6MF0DTJ.will.local</Computer>
<Security UserID=""></Security>
</System>
<EventData><Data Name="SubjectUserSid">S-1-0-0</Data>
<Data Name="SubjectUserName">-</Data>
<Data Name="SubjectDomainName">-</Data>
<Data Name="SubjectLogonId">0x0000000000000000</Data>
<Data Name="TargetUserSid">S-1-0-0</Data>
<Data Name="TargetUserName">ericm</Data>
<Data Name="TargetDomainName"></Data>
<Data Name="Status">0xc000006d</Data>
<Data Name="FailureReason">%%2313</Data>
<Data Name="SubStatus">0xc000006a</Data>
<Data Name="LogonType">3</Data>
<Data Name="LogonProcessName">NtLmSsp </Data>
<Data Name="AuthenticationPackageName">NTLM</Data>
<Data Name="WorkstationName">WIN-UV1J6MF0DTJ</Data>
<Data Name="TransmittedServices">-</Data>
<Data Name="LmPackageName">-</Data>
<Data Name="KeyLength">0</Data>
<Data Name="ProcessId">0x0000000000000000</Data>
<Data Name="ProcessName">-</Data>
<Data Name="IpAddress">fe80::a96a:d5fb:c046:57a7</Data>
<Data Name="IpPort">62783</Data>
</EventData>
</Event>

<Event xmlns="http://schemas.microsoft.com/win/2004/08/events/event"><System><Provider Name="Microsoft-Windows-Security-Auditing" Guid="{54849625-5478-4994-a5ba-3e3b0328c30d}"></Provider>
<EventID Qualifiers="">4648</EventID>
<Version>0</Version>
<Level>0</Level>
<Task>12544</Task>
<Opcode>0</Opcode>
<Keywords>0x8020000000000000</Keywords>
<TimeCreated SystemTime="2021-11-19 22:30:57.464155"></TimeCreated>
<EventRecordID>131062</EventRecordID>
<Correlation ActivityID="" RelatedActivityID=""></Correlation>
<Execution ProcessID="512" ThreadID="532"></Execution>
<Channel>Security</Channel>
<Computer>WIN-UV1J6MF0DTJ.will.local</Computer>
<Security UserID=""></Security>
</System>
<EventData><Data Name="SubjectUserSid">S-1-5-21-3777587639-3470808366-3121508069-500</Data>
<Data Name="SubjectUserName">Administrator</Data>
<Data Name="SubjectDomainName">WILL</Data>
<Data Name="SubjectLogonId">0x0000000000028b58</Data>
<Data Name="LogonGuid">{9f2e4d8f-4f8b-5d78-2782-d6cda2bc9263}</Data>
<Data Name="TargetUserName">ericm</Data>
<Data Name="TargetDomainName"></Data>
<Data Name="TargetLogonGuid">{00000000-0000-0000-0000-000000000000}</Data>
<Data Name="TargetServerName">WIN-UV1J6MF0DTJ.will.local</Data>
<Data Name="TargetInfo">WIN-UV1J6MF0DTJ.will.local</Data>
<Data Name="ProcessId">0x00000000000008f8</Data>
<Data Name="ProcessName">C:\Windows\System32\WindowsPowerShell\v1.0\powershell.exe</Data>
<Data Name="IpAddress">-</Data>
<Data Name="IpPort">-</Data>
</EventData>
</Event>

<Event xmlns="http://schemas.microsoft.com/win/2004/08/events/event"><System><Provider Name="Microsoft-Windows-Security-Auditing" Guid="{54849625-5478-4994-a5ba-3e3b0328c30d}"></Provider>
<EventID Qualifiers="">4625</EventID>
<Version>0</Version>
<Level>0</Level>
<Task>12544</Task>
<Opcode>0</Opcode>
<Keywords>0x8010000000000000</Keywords>
<TimeCreated SystemTime="2021-11-19 22:30:57.479794"></TimeCreated>
<EventRecordID>131063</EventRecordID>
<Correlation ActivityID="" RelatedActivityID=""></Correlation>
<Execution ProcessID="512" ThreadID="1056"></Execution>
<Channel>Security</Channel>
<Computer>WIN-UV1J6MF0DTJ.will.local</Computer>
<Security UserID=""></Security>
</System>
<EventData><Data Name="SubjectUserSid">S-1-0-0</Data>
<Data Name="SubjectUserName">-</Data>
<Data Name="SubjectDomainName">-</Data>
<Data Name="SubjectLogonId">0x0000000000000000</Data>
<Data Name="TargetUserSid">S-1-0-0</Data>
<Data Name="TargetUserName">ericm</Data>
<Data Name="TargetDomainName"></Data>
<Data Name="Status">0xc000006d</Data>
<Data Name="FailureReason">%%2313</Data>
<Data Name="SubStatus">0xc000006a</Data>
<Data Name="LogonType">3</Data>
<Data Name="LogonProcessName">NtLmSsp </Data>
<Data Name="AuthenticationPackageName">NTLM</Data>
<Data Name="WorkstationName">WIN-UV1J6MF0DTJ</Data>
<Data Name="TransmittedServices">-</Data>
<Data Name="LmPackageName">-</Data>
<Data Name="KeyLength">0</Data>
<Data Name="ProcessId">0x0000000000000000</Data>
<Data Name="ProcessName">-</Data>
<Data Name="IpAddress">fe80::a96a:d5fb:c046:57a7</Data>
<Data Name="IpPort">62785</Data>
</EventData>
</Event>

<Event xmlns="http://schemas.microsoft.com/win/2004/08/events/event"><System><Provider Name="Microsoft-Windows-Security-Auditing" Guid="{54849625-5478-4994-a5ba-3e3b0328c30d}"></Provider>
<EventID Qualifiers="">4648</EventID>
<Version>0</Version>
<Level>0</Level>
<Task>12544</Task>
<Opcode>0</Opcode>
<Keywords>0x8020000000000000</Keywords>
<TimeCreated SystemTime="2021-11-19 22:30:57.604778"></TimeCreated>
<EventRecordID>131064</EventRecordID>
<Correlation ActivityID="" RelatedActivityID=""></Correlation>
<Execution ProcessID="512" ThreadID="532"></Execution>
<Channel>Security</Channel>
<Computer>WIN-UV1J6MF0DTJ.will.local</Computer>
<Security UserID=""></Security>
</System>
<EventData><Data Name="SubjectUserSid">S-1-5-21-3777587639-3470808366-3121508069-500</Data>
<Data Name="SubjectUserName">Administrator</Data>
<Data Name="SubjectDomainName">WILL</Data>
<Data Name="SubjectLogonId">0x0000000000028b58</Data>
<Data Name="LogonGuid">{9f2e4d8f-4f8b-5d78-2782-d6cda2bc9263}</Data>
<Data Name="TargetUserName">ericm</Data>
<Data Name="TargetDomainName"></Data>
<Data Name="TargetLogonGuid">{00000000-0000-0000-0000-000000000000}</Data>
<Data Name="TargetServerName">WIN-UV1J6MF0DTJ.will.local</Data>
<Data Name="TargetInfo">WIN-UV1J6MF0DTJ.will.local</Data>
<Data Name="ProcessId">0x00000000000008f8</Data>
<Data Name="ProcessName">C:\Windows\System32\WindowsPowerShell\v1.0\powershell.exe</Data>
<Data Name="IpAddress">-</Data>
<Data Name="IpPort">-</Data>
</EventData>
</Event>

<Event xmlns="http://schemas.microsoft.com/win/2004/08/events/event"><System><Provider Name="Microsoft-Windows-Security-Auditing" Guid="{54849625-5478-4994-a5ba-3e3b0328c30d}"></Provider>
<EventID Qualifiers="">4625</EventID>
<Version>0</Version>
<Level>0</Level>
<Task>12544</Task>
<Opcode>0</Opcode>
<Keywords>0x8010000000000000</Keywords>
<TimeCreated SystemTime="2021-11-19 22:30:57.604778"></TimeCreated>
<EventRecordID>131065</EventRecordID>
<Correlation ActivityID="" RelatedActivityID=""></Correlation>
<Execution ProcessID="512" ThreadID="1056"></Execution>
<Channel>Security</Channel>
<Computer>WIN-UV1J6MF0DTJ.will.local</Computer>
<Security UserID=""></Security>
</System>
<EventData><Data Name="SubjectUserSid">S-1-0-0</Data>
<Data Name="SubjectUserName">-</Data>
<Data Name="SubjectDomainName">-</Data>
<Data Name="SubjectLogonId">0x0000000000000000</Data>
<Data Name="TargetUserSid">S-1-0-0</Data>
<Data Name="TargetUserName">ericm</Data>
<Data Name="TargetDomainName"></Data>
<Data Name="Status">0xc000006d</Data>
<Data Name="FailureReason">%%2313</Data>
<Data Name="SubStatus">0xc000006a</Data>
<Data Name="LogonType">3</Data>
<Data Name="LogonProcessName">NtLmSsp </Data>
<Data Name="AuthenticationPackageName">NTLM</Data>
<Data Name="WorkstationName">WIN-UV1J6MF0DTJ</Data>
<Data Name="TransmittedServices">-</Data>
<Data Name="LmPackageName">-</Data>
<Data Name="KeyLength">0</Data>
<Data Name="ProcessId">0x0000000000000000</Data>
<Data Name="ProcessName">-</Data>
<Data Name="IpAddress">fe80::a96a:d5fb:c046:57a7</Data>
<Data Name="IpPort">62787</Data>
</EventData>
</Event>

<Event xmlns="http://schemas.microsoft.com/win/2004/08/events/event"><System><Provider Name="Microsoft-Windows-Security-Auditing" Guid="{54849625-5478-4994-a5ba-3e3b0328c30d}"></Provider>
<EventID Qualifiers="">4672</EventID>
<Version>0</Version>
<Level>0</Level>
<Task>12548</Task>
<Opcode>0</Opcode>
<Keywords>0x8020000000000000</Keywords>
<TimeCreated SystemTime="2021-11-19 22:30:57.620403"></TimeCreated>
<EventRecordID>131066</EventRecordID>
<Correlation ActivityID="" RelatedActivityID=""></Correlation>
<Execution ProcessID="512" ThreadID="1056"></Execution>
<Channel>Security</Channel>
<Computer>WIN-UV1J6MF0DTJ.will.local</Computer>
<Security UserID=""></Security>
</System>
<EventData><Data Name="SubjectUserSid">S-1-5-18</Data>
<Data Name="SubjectUserName">WIN-UV1J6MF0DTJ$</Data>
<Data Name="SubjectDomainName">WILL</Data>
<Data Name="SubjectLogonId">0x00000000001c913d</Data>
<Data Name="PrivilegeList">SeSecurityPrivilege
			SeBackupPrivilege
			SeRestorePrivilege
			SeTakeOwnershipPrivilege
			SeDebugPrivilege
			SeSystemEnvironmentPrivilege
			SeLoadDriverPrivilege
			SeImpersonatePrivilege
			SeEnableDelegationPrivilege</Data>
</EventData>
</Event>

<Event xmlns="http://schemas.microsoft.com/win/2004/08/events/event"><System><Provider Name="Microsoft-Windows-Security-Auditing" Guid="{54849625-5478-4994-a5ba-3e3b0328c30d}"></Provider>
<EventID Qualifiers="">4624</EventID>
<Version>1</Version>
<Level>0</Level>
<Task>12544</Task>
<Opcode>0</Opcode>
<Keywords>0x8020000000000000</Keywords>
<TimeCreated SystemTime="2021-11-19 22:30:57.620403"></TimeCreated>
<EventRecordID>131067</EventRecordID>
<Correlation ActivityID="" RelatedActivityID=""></Correlation>
<Execution ProcessID="512" ThreadID="1056"></Execution>
<Channel>Security</Channel>
<Computer>WIN-UV1J6MF0DTJ.will.local</Computer>
<Security UserID=""></Security>
</System>
<EventData><Data Name="SubjectUserSid">S-1-0-0</Data>
<Data Name="SubjectUserName">-</Data>
<Data Name="SubjectDomainName">-</Data>
<Data Name="SubjectLogonId">0x0000000000000000</Data>
<Data Name="TargetUserSid">S-1-5-18</Data>
<Data Name="TargetUserName">WIN-UV1J6MF0DTJ$</Data>
<Data Name="TargetDomainName">WILL</Data>
<Data Name="TargetLogonId">0x00000000001c913d</Data>
<Data Name="LogonType">3</Data>
<Data Name="LogonProcessName">Kerberos</Data>
<Data Name="AuthenticationPackageName">Kerberos</Data>
<Data Name="WorkstationName"></Data>
<Data Name="LogonGuid">{e0194dcd-045b-0968-fc21-7191f66407fb}</Data>
<Data Name="TransmittedServices">-</Data>
<Data Name="LmPackageName">-</Data>
<Data Name="KeyLength">0</Data>
<Data Name="ProcessId">0x0000000000000000</Data>
<Data Name="ProcessName">-</Data>
<Data Name="IpAddress">fe80::a96a:d5fb:c046:57a7</Data>
<Data Name="IpPort">62788</Data>
<Data Name="ImpersonationLevel">%%1840</Data>
</EventData>
</Event>

<Event xmlns="http://schemas.microsoft.com/win/2004/08/events/event"><System><Provider Name="Microsoft-Windows-Security-Auditing" Guid="{54849625-5478-4994-a5ba-3e3b0328c30d}"></Provider>
<EventID Qualifiers="">4634</EventID>
<Version>0</Version>
<Level>0</Level>
<Task>12545</Task>
<Opcode>0</Opcode>
<Keywords>0x8020000000000000</Keywords>
<TimeCreated SystemTime="2021-11-19 22:30:57.620403"></TimeCreated>
<EventRecordID>131068</EventRecordID>
<Correlation ActivityID="" RelatedActivityID=""></Correlation>
<Execution ProcessID="512" ThreadID="2144"></Execution>
<Channel>Security</Channel>
<Computer>WIN-UV1J6MF0DTJ.will.local</Computer>
<Security UserID=""></Security>
</System>
<EventData><Data Name="TargetUserSid">S-1-5-18</Data>
<Data Name="TargetUserName">WIN-UV1J6MF0DTJ$</Data>
<Data Name="TargetDomainName">WILL</Data>
<Data Name="TargetLogonId">0x00000000001c913d</Data>
<Data Name="LogonType">3</Data>
</EventData>
</Event>

<Event xmlns="http://schemas.microsoft.com/win/2004/08/events/event"><System><Provider Name="Microsoft-Windows-Security-Auditing" Guid="{54849625-5478-4994-a5ba-3e3b0328c30d}"></Provider>
<EventID Qualifiers="">4648</EventID>
<Version>0</Version>
<Level>0</Level>
<Task>12544</Task>
<Opcode>0</Opcode>
<Keywords>0x8020000000000000</Keywords>
<TimeCreated SystemTime="2021-11-19 22:30:57.745403"></TimeCreated>
<EventRecordID>131069</EventRecordID>
<Correlation ActivityID="" RelatedActivityID=""></Correlation>
<Execution ProcessID="512" ThreadID="532"></Execution>
<Channel>Security</Channel>
<Computer>WIN-UV1J6MF0DTJ.will.local</Computer>
<Security UserID=""></Security>
</System>
<EventData><Data Name="SubjectUserSid">S-1-5-21-3777587639-3470808366-3121508069-500</Data>
<Data Name="SubjectUserName">Administrator</Data>
<Data Name="SubjectDomainName">WILL</Data>
<Data Name="SubjectLogonId">0x0000000000028b58</Data>
<Data Name="LogonGuid">{9f2e4d8f-4f8b-5d78-2782-d6cda2bc9263}</Data>
<Data Name="TargetUserName">ericm</Data>
<Data Name="TargetDomainName"></Data>
<Data Name="TargetLogonGuid">{00000000-0000-0000-0000-000000000000}</Data>
<Data Name="TargetServerName">WIN-UV1J6MF0DTJ.will.local</Data>
<Data Name="TargetInfo">WIN-UV1J6MF0DTJ.will.local</Data>
<Data Name="ProcessId">0x00000000000008f8</Data>
<Data Name="ProcessName">C:\Windows\System32\WindowsPowerShell\v1.0\powershell.exe</Data>
<Data Name="IpAddress">-</Data>
<Data Name="IpPort">-</Data>
</EventData>
</Event>

<Event xmlns="http://schemas.microsoft.com/win/2004/08/events/event"><System><Provider Name="Microsoft-Windows-Security-Auditing" Guid="{54849625-5478-4994-a5ba-3e3b0328c30d}"></Provider>
<EventID Qualifiers="">4625</EventID>
<Version>0</Version>
<Level>0</Level>
<Task>12544</Task>
<Opcode>0</Opcode>
<Keywords>0x8010000000000000</Keywords>
<TimeCreated SystemTime="2021-11-19 22:30:57.745403"></TimeCreated>
<EventRecordID>131070</EventRecordID>
<Correlation ActivityID="" RelatedActivityID=""></Correlation>
<Execution ProcessID="512" ThreadID="1056"></Execution>
<Channel>Security</Channel>
<Computer>WIN-UV1J6MF0DTJ.will.local</Computer>
<Security UserID=""></Security>
</System>
<EventData><Data Name="SubjectUserSid">S-1-0-0</Data>
<Data Name="SubjectUserName">-</Data>
<Data Name="SubjectDomainName">-</Data>
<Data Name="SubjectLogonId">0x0000000000000000</Data>
<Data Name="TargetUserSid">S-1-0-0</Data>
<Data Name="TargetUserName">ericm</Data>
<Data Name="TargetDomainName"></Data>
<Data Name="Status">0xc000006d</Data>
<Data Name="FailureReason">%%2313</Data>
<Data Name="SubStatus">0xc000006a</Data>
<Data Name="LogonType">3</Data>
<Data Name="LogonProcessName">NtLmSsp </Data>
<Data Name="AuthenticationPackageName">NTLM</Data>
<Data Name="WorkstationName">WIN-UV1J6MF0DTJ</Data>
<Data Name="TransmittedServices">-</Data>
<Data Name="LmPackageName">-</Data>
<Data Name="KeyLength">0</Data>
<Data Name="ProcessId">0x0000000000000000</Data>
<Data Name="ProcessName">-</Data>
<Data Name="IpAddress">fe80::a96a:d5fb:c046:57a7</Data>
<Data Name="IpPort">62790</Data>
</EventData>
</Event>

<Event xmlns="http://schemas.microsoft.com/win/2004/08/events/event"><System><Provider Name="Microsoft-Windows-Security-Auditing" Guid="{54849625-5478-4994-a5ba-3e3b0328c30d}"></Provider>
<EventID Qualifiers="">4648</EventID>
<Version>0</Version>
<Level>0</Level>
<Task>12544</Task>
<Opcode>0</Opcode>
<Keywords>0x8020000000000000</Keywords>
<TimeCreated SystemTime="2021-11-19 22:30:57.886028"></TimeCreated>
<EventRecordID>131071</EventRecordID>
<Correlation ActivityID="" RelatedActivityID=""></Correlation>
<Execution ProcessID="512" ThreadID="532"></Execution>
<Channel>Security</Channel>
<Computer>WIN-UV1J6MF0DTJ.will.local</Computer>
<Security UserID=""></Security>
</System>
<EventData><Data Name="SubjectUserSid">S-1-5-21-3777587639-3470808366-3121508069-500</Data>
<Data Name="SubjectUserName">Administrator</Data>
<Data Name="SubjectDomainName">WILL</Data>
<Data Name="SubjectLogonId">0x0000000000028b58</Data>
<Data Name="LogonGuid">{9f2e4d8f-4f8b-5d78-2782-d6cda2bc9263}</Data>
<Data Name="TargetUserName">ericm</Data>
<Data Name="TargetDomainName"></Data>
<Data Name="TargetLogonGuid">{00000000-0000-0000-0000-000000000000}</Data>
<Data Name="TargetServerName">WIN-UV1J6MF0DTJ.will.local</Data>
<Data Name="TargetInfo">WIN-UV1J6MF0DTJ.will.local</Data>
<Data Name="ProcessId">0x00000000000008f8</Data>
<Data Name="ProcessName">C:\Windows\System32\WindowsPowerShell\v1.0\powershell.exe</Data>
<Data Name="IpAddress">-</Data>
<Data Name="IpPort">-</Data>
</EventData>
</Event>

<Event xmlns="http://schemas.microsoft.com/win/2004/08/events/event"><System><Provider Name="Microsoft-Windows-Security-Auditing" Guid="{54849625-5478-4994-a5ba-3e3b0328c30d}"></Provider>
<EventID Qualifiers="">4625</EventID>
<Version>0</Version>
<Level>0</Level>
<Task>12544</Task>
<Opcode>0</Opcode>
<Keywords>0x8010000000000000</Keywords>
<TimeCreated SystemTime="2021-11-19 22:30:57.886028"></TimeCreated>
<EventRecordID>131072</EventRecordID>
<Correlation ActivityID="" RelatedActivityID=""></Correlation>
<Execution ProcessID="512" ThreadID="1056"></Execution>
<Channel>Security</Channel>
<Computer>WIN-UV1J6MF0DTJ.will.local</Computer>
<Security UserID=""></Security>
</System>
<EventData><Data Name="SubjectUserSid">S-1-0-0</Data>
<Data Name="SubjectUserName">-</Data>
<Data Name="SubjectDomainName">-</Data>
<Data Name="SubjectLogonId">0x0000000000000000</Data>
<Data Name="TargetUserSid">S-1-0-0</Data>
<Data Name="TargetUserName">ericm</Data>
<Data Name="TargetDomainName"></Data>
<Data Name="Status">0xc000006d</Data>
<Data Name="FailureReason">%%2313</Data>
<Data Name="SubStatus">0xc000006a</Data>
<Data Name="LogonType">3</Data>
<Data Name="LogonProcessName">NtLmSsp </Data>
<Data Name="AuthenticationPackageName">NTLM</Data>
<Data Name="WorkstationName">WIN-UV1J6MF0DTJ</Data>
<Data Name="TransmittedServices">-</Data>
<Data Name="LmPackageName">-</Data>
<Data Name="KeyLength">0</Data>
<Data Name="ProcessId">0x0000000000000000</Data>
<Data Name="ProcessName">-</Data>
<Data Name="IpAddress">fe80::a96a:d5fb:c046:57a7</Data>
<Data Name="IpPort">62792</Data>
</EventData>
</Event>

<Event xmlns="http://schemas.microsoft.com/win/2004/08/events/event"><System><Provider Name="Microsoft-Windows-Security-Auditing" Guid="{54849625-5478-4994-a5ba-3e3b0328c30d}"></Provider>
<EventID Qualifiers="">4648</EventID>
<Version>0</Version>
<Level>0</Level>
<Task>12544</Task>
<Opcode>0</Opcode>
<Keywords>0x8020000000000000</Keywords>
<TimeCreated SystemTime="2021-11-19 22:30:58.026655"></TimeCreated>
<EventRecordID>131073</EventRecordID>
<Correlation ActivityID="" RelatedActivityID=""></Correlation>
<Execution ProcessID="512" ThreadID="532"></Execution>
<Channel>Security</Channel>
<Computer>WIN-UV1J6MF0DTJ.will.local</Computer>
<Security UserID=""></Security>
</System>
<EventData><Data Name="SubjectUserSid">S-1-5-21-3777587639-3470808366-3121508069-500</Data>
<Data Name="SubjectUserName">Administrator</Data>
<Data Name="SubjectDomainName">WILL</Data>
<Data Name="SubjectLogonId">0x0000000000028b58</Data>
<Data Name="LogonGuid">{9f2e4d8f-4f8b-5d78-2782-d6cda2bc9263}</Data>
<Data Name="TargetUserName">ericm</Data>
<Data Name="TargetDomainName"></Data>
<Data Name="TargetLogonGuid">{00000000-0000-0000-0000-000000000000}</Data>
<Data Name="TargetServerName">WIN-UV1J6MF0DTJ.will.local</Data>
<Data Name="TargetInfo">WIN-UV1J6MF0DTJ.will.local</Data>
<Data Name="ProcessId">0x00000000000008f8</Data>
<Data Name="ProcessName">C:\Windows\System32\WindowsPowerShell\v1.0\powershell.exe</Data>
<Data Name="IpAddress">-</Data>
<Data Name="IpPort">-</Data>
</EventData>
</Event>

<Event xmlns="http://schemas.microsoft.com/win/2004/08/events/event"><System><Provider Name="Microsoft-Windows-Security-Auditing" Guid="{54849625-5478-4994-a5ba-3e3b0328c30d}"></Provider>
<EventID Qualifiers="">4625</EventID>
<Version>0</Version>
<Level>0</Level>
<Task>12544</Task>
<Opcode>0</Opcode>
<Keywords>0x8010000000000000</Keywords>
<TimeCreated SystemTime="2021-11-19 22:30:58.026655"></TimeCreated>
<EventRecordID>131074</EventRecordID>
<Correlation ActivityID="" RelatedActivityID=""></Correlation>
<Execution ProcessID="512" ThreadID="1056"></Execution>
<Channel>Security</Channel>
<Computer>WIN-UV1J6MF0DTJ.will.local</Computer>
<Security UserID=""></Security>
</System>
<EventData><Data Name="SubjectUserSid">S-1-0-0</Data>
<Data Name="SubjectUserName">-</Data>
<Data Name="SubjectDomainName">-</Data>
<Data Name="SubjectLogonId">0x0000000000000000</Data>
<Data Name="TargetUserSid">S-1-0-0</Data>
<Data Name="TargetUserName">ericm</Data>
<Data Name="TargetDomainName"></Data>
<Data Name="Status">0xc000006d</Data>
<Data Name="FailureReason">%%2313</Data>
<Data Name="SubStatus">0xc000006a</Data>
<Data Name="LogonType">3</Data>
<Data Name="LogonProcessName">NtLmSsp </Data>
<Data Name="AuthenticationPackageName">NTLM</Data>
<Data Name="WorkstationName">WIN-UV1J6MF0DTJ</Data>
<Data Name="TransmittedServices">-</Data>
<Data Name="LmPackageName">-</Data>
<Data Name="KeyLength">0</Data>
<Data Name="ProcessId">0x0000000000000000</Data>
<Data Name="ProcessName">-</Data>
<Data Name="IpAddress">fe80::a96a:d5fb:c046:57a7</Data>
<Data Name="IpPort">62794</Data>
</EventData>
</Event>

<Event xmlns="http://schemas.microsoft.com/win/2004/08/events/event"><System><Provider Name="Microsoft-Windows-Security-Auditing" Guid="{54849625-5478-4994-a5ba-3e3b0328c30d}"></Provider>
<EventID Qualifiers="">4648</EventID>
<Version>0</Version>
<Level>0</Level>
<Task>12544</Task>
<Opcode>0</Opcode>
<Keywords>0x8020000000000000</Keywords>
<TimeCreated SystemTime="2021-11-19 22:30:58.167280"></TimeCreated>
<EventRecordID>131075</EventRecordID>
<Correlation ActivityID="" RelatedActivityID=""></Correlation>
<Execution ProcessID="512" ThreadID="532"></Execution>
<Channel>Security</Channel>
<Computer>WIN-UV1J6MF0DTJ.will.local</Computer>
<Security UserID=""></Security>
</System>
<EventData><Data Name="SubjectUserSid">S-1-5-21-3777587639-3470808366-3121508069-500</Data>
<Data Name="SubjectUserName">Administrator</Data>
<Data Name="SubjectDomainName">WILL</Data>
<Data Name="SubjectLogonId">0x0000000000028b58</Data>
<Data Name="LogonGuid">{9f2e4d8f-4f8b-5d78-2782-d6cda2bc9263}</Data>
<Data Name="TargetUserName">ericm</Data>
<Data Name="TargetDomainName"></Data>
<Data Name="TargetLogonGuid">{00000000-0000-0000-0000-000000000000}</Data>
<Data Name="TargetServerName">WIN-UV1J6MF0DTJ.will.local</Data>
<Data Name="TargetInfo">WIN-UV1J6MF0DTJ.will.local</Data>
<Data Name="ProcessId">0x00000000000008f8</Data>
<Data Name="ProcessName">C:\Windows\System32\WindowsPowerShell\v1.0\powershell.exe</Data>
<Data Name="IpAddress">-</Data>
<Data Name="IpPort">-</Data>
</EventData>
</Event>

<Event xmlns="http://schemas.microsoft.com/win/2004/08/events/event"><System><Provider Name="Microsoft-Windows-Security-Auditing" Guid="{54849625-5478-4994-a5ba-3e3b0328c30d}"></Provider>
<EventID Qualifiers="">4625</EventID>
<Version>0</Version>
<Level>0</Level>
<Task>12544</Task>
<Opcode>0</Opcode>
<Keywords>0x8010000000000000</Keywords>
<TimeCreated SystemTime="2021-11-19 22:30:58.167280"></TimeCreated>
<EventRecordID>131076</EventRecordID>
<Correlation ActivityID="" RelatedActivityID=""></Correlation>
<Execution ProcessID="512" ThreadID="1056"></Execution>
<Channel>Security</Channel>
<Computer>WIN-UV1J6MF0DTJ.will.local</Computer>
<Security UserID=""></Security>
</System>
<EventData><Data Name="SubjectUserSid">S-1-0-0</Data>
<Data Name="SubjectUserName">-</Data>
<Data Name="SubjectDomainName">-</Data>
<Data Name="SubjectLogonId">0x0000000000000000</Data>
<Data Name="TargetUserSid">S-1-0-0</Data>
<Data Name="TargetUserName">ericm</Data>
<Data Name="TargetDomainName"></Data>
<Data Name="Status">0xc000006d</Data>
<Data Name="FailureReason">%%2313</Data>
<Data Name="SubStatus">0xc000006a</Data>
<Data Name="LogonType">3</Data>
<Data Name="LogonProcessName">NtLmSsp </Data>
<Data Name="AuthenticationPackageName">NTLM</Data>
<Data Name="WorkstationName">WIN-UV1J6MF0DTJ</Data>
<Data Name="TransmittedServices">-</Data>
<Data Name="LmPackageName">-</Data>
<Data Name="KeyLength">0</Data>
<Data Name="ProcessId">0x0000000000000000</Data>
<Data Name="ProcessName">-</Data>
<Data Name="IpAddress">fe80::a96a:d5fb:c046:57a7</Data>
<Data Name="IpPort">62796</Data>
</EventData>
</Event>

<Event xmlns="http://schemas.microsoft.com/win/2004/08/events/event"><System><Provider Name="Microsoft-Windows-Security-Auditing" Guid="{54849625-5478-4994-a5ba-3e3b0328c30d}"></Provider>
<EventID Qualifiers="">4648</EventID>
<Version>0</Version>
<Level>0</Level>
<Task>12544</Task>
<Opcode>0</Opcode>
<Keywords>0x8020000000000000</Keywords>
<TimeCreated SystemTime="2021-11-19 22:30:58.307957"></TimeCreated>
<EventRecordID>131077</EventRecordID>
<Correlation ActivityID="" RelatedActivityID=""></Correlation>
<Execution ProcessID="512" ThreadID="532"></Execution>
<Channel>Security</Channel>
<Computer>WIN-UV1J6MF0DTJ.will.local</Computer>
<Security UserID=""></Security>
</System>
<EventData><Data Name="SubjectUserSid">S-1-5-21-3777587639-3470808366-3121508069-500</Data>
<Data Name="SubjectUserName">Administrator</Data>
<Data Name="SubjectDomainName">WILL</Data>
<Data Name="SubjectLogonId">0x0000000000028b58</Data>
<Data Name="LogonGuid">{9f2e4d8f-4f8b-5d78-2782-d6cda2bc9263}</Data>
<Data Name="TargetUserName">ericm</Data>
<Data Name="TargetDomainName"></Data>
<Data Name="TargetLogonGuid">{00000000-0000-0000-0000-000000000000}</Data>
<Data Name="TargetServerName">WIN-UV1J6MF0DTJ.will.local</Data>
<Data Name="TargetInfo">WIN-UV1J6MF0DTJ.will.local</Data>
<Data Name="ProcessId">0x00000000000008f8</Data>
<Data Name="ProcessName">C:\Windows\System32\WindowsPowerShell\v1.0\powershell.exe</Data>
<Data Name="IpAddress">-</Data>
<Data Name="IpPort">-</Data>
</EventData>
</Event>

<Event xmlns="http://schemas.microsoft.com/win/2004/08/events/event"><System><Provider Name="Microsoft-Windows-Security-Auditing" Guid="{54849625-5478-4994-a5ba-3e3b0328c30d}"></Provider>
<EventID Qualifiers="">4625</EventID>
<Version>0</Version>
<Level>0</Level>
<Task>12544</Task>
<Opcode>0</Opcode>
<Keywords>0x8010000000000000</Keywords>
<TimeCreated SystemTime="2021-11-19 22:30:58.307957"></TimeCreated>
<EventRecordID>131078</EventRecordID>
<Correlation ActivityID="" RelatedActivityID=""></Correlation>
<Execution ProcessID="512" ThreadID="1056"></Execution>
<Channel>Security</Channel>
<Computer>WIN-UV1J6MF0DTJ.will.local</Computer>
<Security UserID=""></Security>
</System>
<EventData><Data Name="SubjectUserSid">S-1-0-0</Data>
<Data Name="SubjectUserName">-</Data>
<Data Name="SubjectDomainName">-</Data>
<Data Name="SubjectLogonId">0x0000000000000000</Data>
<Data Name="TargetUserSid">S-1-0-0</Data>
<Data Name="TargetUserName">ericm</Data>
<Data Name="TargetDomainName"></Data>
<Data Name="Status">0xc000006d</Data>
<Data Name="FailureReason">%%2313</Data>
<Data Name="SubStatus">0xc000006a</Data>
<Data Name="LogonType">3</Data>
<Data Name="LogonProcessName">NtLmSsp </Data>
<Data Name="AuthenticationPackageName">NTLM</Data>
<Data Name="WorkstationName">WIN-UV1J6MF0DTJ</Data>
<Data Name="TransmittedServices">-</Data>
<Data Name="LmPackageName">-</Data>
<Data Name="KeyLength">0</Data>
<Data Name="ProcessId">0x0000000000000000</Data>
<Data Name="ProcessName">-</Data>
<Data Name="IpAddress">fe80::a96a:d5fb:c046:57a7</Data>
<Data Name="IpPort">62798</Data>
</EventData>
</Event>

<Event xmlns="http://schemas.microsoft.com/win/2004/08/events/event"><System><Provider Name="Microsoft-Windows-Security-Auditing" Guid="{54849625-5478-4994-a5ba-3e3b0328c30d}"></Provider>
<EventID Qualifiers="">4648</EventID>
<Version>0</Version>
<Level>0</Level>
<Task>12544</Task>
<Opcode>0</Opcode>
<Keywords>0x8020000000000000</Keywords>
<TimeCreated SystemTime="2021-11-19 22:30:58.448536"></TimeCreated>
<EventRecordID>131079</EventRecordID>
<Correlation ActivityID="" RelatedActivityID=""></Correlation>
<Execution ProcessID="512" ThreadID="532"></Execution>
<Channel>Security</Channel>
<Computer>WIN-UV1J6MF0DTJ.will.local</Computer>
<Security UserID=""></Security>
</System>
<EventData><Data Name="SubjectUserSid">S-1-5-21-3777587639-3470808366-3121508069-500</Data>
<Data Name="SubjectUserName">Administrator</Data>
<Data Name="SubjectDomainName">WILL</Data>
<Data Name="SubjectLogonId">0x0000000000028b58</Data>
<Data Name="LogonGuid">{9f2e4d8f-4f8b-5d78-2782-d6cda2bc9263}</Data>
<Data Name="TargetUserName">ericm</Data>
<Data Name="TargetDomainName"></Data>
<Data Name="TargetLogonGuid">{00000000-0000-0000-0000-000000000000}</Data>
<Data Name="TargetServerName">WIN-UV1J6MF0DTJ.will.local</Data>
<Data Name="TargetInfo">WIN-UV1J6MF0DTJ.will.local</Data>
<Data Name="ProcessId">0x00000000000008f8</Data>
<Data Name="ProcessName">C:\Windows\System32\WindowsPowerShell\v1.0\powershell.exe</Data>
<Data Name="IpAddress">-</Data>
<Data Name="IpPort">-</Data>
</EventData>
</Event>

<Event xmlns="http://schemas.microsoft.com/win/2004/08/events/event"><System><Provider Name="Microsoft-Windows-Security-Auditing" Guid="{54849625-5478-4994-a5ba-3e3b0328c30d}"></Provider>
<EventID Qualifiers="">4625</EventID>
<Version>0</Version>
<Level>0</Level>
<Task>12544</Task>
<Opcode>0</Opcode>
<Keywords>0x8010000000000000</Keywords>
<TimeCreated SystemTime="2021-11-19 22:30:58.448536"></TimeCreated>
<EventRecordID>131080</EventRecordID>
<Correlation ActivityID="" RelatedActivityID=""></Correlation>
<Execution ProcessID="512" ThreadID="1056"></Execution>
<Channel>Security</Channel>
<Computer>WIN-UV1J6MF0DTJ.will.local</Computer>
<Security UserID=""></Security>
</System>
<EventData><Data Name="SubjectUserSid">S-1-0-0</Data>
<Data Name="SubjectUserName">-</Data>
<Data Name="SubjectDomainName">-</Data>
<Data Name="SubjectLogonId">0x0000000000000000</Data>
<Data Name="TargetUserSid">S-1-0-0</Data>
<Data Name="TargetUserName">ericm</Data>
<Data Name="TargetDomainName"></Data>
<Data Name="Status">0xc000006d</Data>
<Data Name="FailureReason">%%2313</Data>
<Data Name="SubStatus">0xc000006a</Data>
<Data Name="LogonType">3</Data>
<Data Name="LogonProcessName">NtLmSsp </Data>
<Data Name="AuthenticationPackageName">NTLM</Data>
<Data Name="WorkstationName">WIN-UV1J6MF0DTJ</Data>
<Data Name="TransmittedServices">-</Data>
<Data Name="LmPackageName">-</Data>
<Data Name="KeyLength">0</Data>
<Data Name="ProcessId">0x0000000000000000</Data>
<Data Name="ProcessName">-</Data>
<Data Name="IpAddress">fe80::a96a:d5fb:c046:57a7</Data>
<Data Name="IpPort">62800</Data>
</EventData>
</Event>

<Event xmlns="http://schemas.microsoft.com/win/2004/08/events/event"><System><Provider Name="Microsoft-Windows-Security-Auditing" Guid="{54849625-5478-4994-a5ba-3e3b0328c30d}"></Provider>
<EventID Qualifiers="">4648</EventID>
<Version>0</Version>
<Level>0</Level>
<Task>12544</Task>
<Opcode>0</Opcode>
<Keywords>0x8020000000000000</Keywords>
<TimeCreated SystemTime="2021-11-19 22:30:58.604780"></TimeCreated>
<EventRecordID>131081</EventRecordID>
<Correlation ActivityID="" RelatedActivityID=""></Correlation>
<Execution ProcessID="512" ThreadID="532"></Execution>
<Channel>Security</Channel>
<Computer>WIN-UV1J6MF0DTJ.will.local</Computer>
<Security UserID=""></Security>
</System>
<EventData><Data Name="SubjectUserSid">S-1-5-21-3777587639-3470808366-3121508069-500</Data>
<Data Name="SubjectUserName">Administrator</Data>
<Data Name="SubjectDomainName">WILL</Data>
<Data Name="SubjectLogonId">0x0000000000028b58</Data>
<Data Name="LogonGuid">{9f2e4d8f-4f8b-5d78-2782-d6cda2bc9263}</Data>
<Data Name="TargetUserName">ericm</Data>
<Data Name="TargetDomainName"></Data>
<Data Name="TargetLogonGuid">{00000000-0000-0000-0000-000000000000}</Data>
<Data Name="TargetServerName">WIN-UV1J6MF0DTJ.will.local</Data>
<Data Name="TargetInfo">WIN-UV1J6MF0DTJ.will.local</Data>
<Data Name="ProcessId">0x00000000000008f8</Data>
<Data Name="ProcessName">C:\Windows\System32\WindowsPowerShell\v1.0\powershell.exe</Data>
<Data Name="IpAddress">-</Data>
<Data Name="IpPort">-</Data>
</EventData>
</Event>

<Event xmlns="http://schemas.microsoft.com/win/2004/08/events/event"><System><Provider Name="Microsoft-Windows-Security-Auditing" Guid="{54849625-5478-4994-a5ba-3e3b0328c30d}"></Provider>
<EventID Qualifiers="">4625</EventID>
<Version>0</Version>
<Level>0</Level>
<Task>12544</Task>
<Opcode>0</Opcode>
<Keywords>0x8010000000000000</Keywords>
<TimeCreated SystemTime="2021-11-19 22:30:58.604780"></TimeCreated>
<EventRecordID>131082</EventRecordID>
<Correlation ActivityID="" RelatedActivityID=""></Correlation>
<Execution ProcessID="512" ThreadID="1056"></Execution>
<Channel>Security</Channel>
<Computer>WIN-UV1J6MF0DTJ.will.local</Computer>
<Security UserID=""></Security>
</System>
<EventData><Data Name="SubjectUserSid">S-1-0-0</Data>
<Data Name="SubjectUserName">-</Data>
<Data Name="SubjectDomainName">-</Data>
<Data Name="SubjectLogonId">0x0000000000000000</Data>
<Data Name="TargetUserSid">S-1-0-0</Data>
<Data Name="TargetUserName">ericm</Data>
<Data Name="TargetDomainName"></Data>
<Data Name="Status">0xc000006d</Data>
<Data Name="FailureReason">%%2313</Data>
<Data Name="SubStatus">0xc000006a</Data>
<Data Name="LogonType">3</Data>
<Data Name="LogonProcessName">NtLmSsp </Data>
<Data Name="AuthenticationPackageName">NTLM</Data>
<Data Name="WorkstationName">WIN-UV1J6MF0DTJ</Data>
<Data Name="TransmittedServices">-</Data>
<Data Name="LmPackageName">-</Data>
<Data Name="KeyLength">0</Data>
<Data Name="ProcessId">0x0000000000000000</Data>
<Data Name="ProcessName">-</Data>
<Data Name="IpAddress">fe80::a96a:d5fb:c046:57a7</Data>
<Data Name="IpPort">62802</Data>
</EventData>
</Event>

<Event xmlns="http://schemas.microsoft.com/win/2004/08/events/event"><System><Provider Name="Microsoft-Windows-Security-Auditing" Guid="{54849625-5478-4994-a5ba-3e3b0328c30d}"></Provider>
<EventID Qualifiers="">4648</EventID>
<Version>0</Version>
<Level>0</Level>
<Task>12544</Task>
<Opcode>0</Opcode>
<Keywords>0x8020000000000000</Keywords>
<TimeCreated SystemTime="2021-11-19 22:30:58.729778"></TimeCreated>
<EventRecordID>131083</EventRecordID>
<Correlation ActivityID="" RelatedActivityID=""></Correlation>
<Execution ProcessID="512" ThreadID="532"></Execution>
<Channel>Security</Channel>
<Computer>WIN-UV1J6MF0DTJ.will.local</Computer>
<Security UserID=""></Security>
</System>
<EventData><Data Name="SubjectUserSid">S-1-5-21-3777587639-3470808366-3121508069-500</Data>
<Data Name="SubjectUserName">Administrator</Data>
<Data Name="SubjectDomainName">WILL</Data>
<Data Name="SubjectLogonId">0x0000000000028b58</Data>
<Data Name="LogonGuid">{9f2e4d8f-4f8b-5d78-2782-d6cda2bc9263}</Data>
<Data Name="TargetUserName">ericm</Data>
<Data Name="TargetDomainName"></Data>
<Data Name="TargetLogonGuid">{00000000-0000-0000-0000-000000000000}</Data>
<Data Name="TargetServerName">WIN-UV1J6MF0DTJ.will.local</Data>
<Data Name="TargetInfo">WIN-UV1J6MF0DTJ.will.local</Data>
<Data Name="ProcessId">0x00000000000008f8</Data>
<Data Name="ProcessName">C:\Windows\System32\WindowsPowerShell\v1.0\powershell.exe</Data>
<Data Name="IpAddress">-</Data>
<Data Name="IpPort">-</Data>
</EventData>
</Event>

<Event xmlns="http://schemas.microsoft.com/win/2004/08/events/event"><System><Provider Name="Microsoft-Windows-Security-Auditing" Guid="{54849625-5478-4994-a5ba-3e3b0328c30d}"></Provider>
<EventID Qualifiers="">4625</EventID>
<Version>0</Version>
<Level>0</Level>
<Task>12544</Task>
<Opcode>0</Opcode>
<Keywords>0x8010000000000000</Keywords>
<TimeCreated SystemTime="2021-11-19 22:30:58.745420"></TimeCreated>
<EventRecordID>131084</EventRecordID>
<Correlation ActivityID="" RelatedActivityID=""></Correlation>
<Execution ProcessID="512" ThreadID="1056"></Execution>
<Channel>Security</Channel>
<Computer>WIN-UV1J6MF0DTJ.will.local</Computer>
<Security UserID=""></Security>
</System>
<EventData><Data Name="SubjectUserSid">S-1-0-0</Data>
<Data Name="SubjectUserName">-</Data>
<Data Name="SubjectDomainName">-</Data>
<Data Name="SubjectLogonId">0x0000000000000000</Data>
<Data Name="TargetUserSid">S-1-0-0</Data>
<Data Name="TargetUserName">ericm</Data>
<Data Name="TargetDomainName"></Data>
<Data Name="Status">0xc000006d</Data>
<Data Name="FailureReason">%%2313</Data>
<Data Name="SubStatus">0xc000006a</Data>
<Data Name="LogonType">3</Data>
<Data Name="LogonProcessName">NtLmSsp </Data>
<Data Name="AuthenticationPackageName">NTLM</Data>
<Data Name="WorkstationName">WIN-UV1J6MF0DTJ</Data>
<Data Name="TransmittedServices">-</Data>
<Data Name="LmPackageName">-</Data>
<Data Name="KeyLength">0</Data>
<Data Name="ProcessId">0x0000000000000000</Data>
<Data Name="ProcessName">-</Data>
<Data Name="IpAddress">fe80::a96a:d5fb:c046:57a7</Data>
<Data Name="IpPort">62804</Data>
</EventData>
</Event>

<Event xmlns="http://schemas.microsoft.com/win/2004/08/events/event"><System><Provider Name="Microsoft-Windows-Security-Auditing" Guid="{54849625-5478-4994-a5ba-3e3b0328c30d}"></Provider>
<EventID Qualifiers="">4648</EventID>
<Version>0</Version>
<Level>0</Level>
<Task>12544</Task>
<Opcode>0</Opcode>
<Keywords>0x8020000000000000</Keywords>
<TimeCreated SystemTime="2021-11-19 22:30:58.886030"></TimeCreated>
<EventRecordID>131085</EventRecordID>
<Correlation ActivityID="" RelatedActivityID=""></Correlation>
<Execution ProcessID="512" ThreadID="532"></Execution>
<Channel>Security</Channel>
<Computer>WIN-UV1J6MF0DTJ.will.local</Computer>
<Security UserID=""></Security>
</System>
<EventData><Data Name="SubjectUserSid">S-1-5-21-3777587639-3470808366-3121508069-500</Data>
<Data Name="SubjectUserName">Administrator</Data>
<Data Name="SubjectDomainName">WILL</Data>
<Data Name="SubjectLogonId">0x0000000000028b58</Data>
<Data Name="LogonGuid">{9f2e4d8f-4f8b-5d78-2782-d6cda2bc9263}</Data>
<Data Name="TargetUserName">ericm</Data>
<Data Name="TargetDomainName"></Data>
<Data Name="TargetLogonGuid">{00000000-0000-0000-0000-000000000000}</Data>
<Data Name="TargetServerName">WIN-UV1J6MF0DTJ.will.local</Data>
<Data Name="TargetInfo">WIN-UV1J6MF0DTJ.will.local</Data>
<Data Name="ProcessId">0x00000000000008f8</Data>
<Data Name="ProcessName">C:\Windows\System32\WindowsPowerShell\v1.0\powershell.exe</Data>
<Data Name="IpAddress">-</Data>
<Data Name="IpPort">-</Data>
</EventData>
</Event>

