<Event xmlns="http://schemas.microsoft.com/win/2004/08/events/event"><System><Provider Name="Microsoft-Windows-Security-Auditing" Guid="{54849625-5478-4994-a5ba-3e3b0328c30d}"></Provider>
<EventID Qualifiers="">4648</EventID>
<Version>0</Version>
<Level>0</Level>
<Task>12544</Task>
<Opcode>0</Opcode>
<Keywords>0x8020000000000000</Keywords>
<TimeCreated SystemTime="2021-11-19 22:30:13.414431"></TimeCreated>
<EventRecordID>130446</EventRecordID>
<Correlation ActivityID="" RelatedActivityID=""></Correlation>
<Execution ProcessID="512" ThreadID="2128"></Execution>
<Channel>Security</Channel>
<Computer>WIN-UV1J6MF0DTJ.will.local</Computer>
<Security UserID=""></Security>
</System>
<EventData><Data Name="SubjectUserSid">S-1-5-21-3777587639-3470808366-3121508069-500</Data>
<Data Name="SubjectUserName">Administrator</Data>
<Data Name="SubjectDomainName">WILL</Data>
<Data Name="SubjectLogonId">0x0000000000028b58</Data>
<Data Name="LogonGuid">{9f2e4d8f-4f8b-5d78-2782-d6cda2bc9263}</Data>
<Data Name="TargetUserName">claired</Data>
<Data Name="TargetDomainName"></Data>
<Data Name="TargetLogonGuid">{00000000-0000-0000-0000-000000000000}</Data>
<Data Name="TargetServerName">WIN-UV1J6MF0DTJ.will.local</Data>
<Data Name="TargetInfo">WIN-UV1J6MF0DTJ.will.local</Data>
<Data Name="ProcessId">0x00000000000008f8</Data>
<Data Name="ProcessName">C:\Windows\System32\WindowsPowerShell\v1.0\powershell.exe</Data>
<Data Name="IpAddress">-</Data>
<Data Name="IpPort">-</Data>
</EventData>
</Event>

<Event xmlns="http://schemas.microsoft.com/win/2004/08/events/event"><System><Provider Name="Microsoft-Windows-Security-Auditing" Guid="{54849625-5478-4994-a5ba-3e3b0328c30d}"></Provider>
<EventID Qualifiers="">4625</EventID>
<Version>0</Version>
<Level>0</Level>
<Task>12544</Task>
<Opcode>0</Opcode>
<Keywords>0x8010000000000000</Keywords>
<TimeCreated SystemTime="2021-11-19 22:30:13.430069"></TimeCreated>
<EventRecordID>130447</EventRecordID>
<Correlation ActivityID="" RelatedActivityID=""></Correlation>
<Execution ProcessID="512" ThreadID="1412"></Execution>
<Channel>Security</Channel>
<Computer>WIN-UV1J6MF0DTJ.will.local</Computer>
<Security UserID=""></Security>
</System>
<EventData><Data Name="SubjectUserSid">S-1-0-0</Data>
<Data Name="SubjectUserName">-</Data>
<Data Name="SubjectDomainName">-</Data>
<Data Name="SubjectLogonId">0x0000000000000000</Data>
<Data Name="TargetUserSid">S-1-0-0</Data>
<Data Name="TargetUserName">claired</Data>
<Data Name="TargetDomainName"></Data>
<Data Name="Status">0xc000006d</Data>
<Data Name="FailureReason">%%2313</Data>
<Data Name="SubStatus">0xc000006a</Data>
<Data Name="LogonType">3</Data>
<Data Name="LogonProcessName">NtLmSsp </Data>
<Data Name="AuthenticationPackageName">NTLM</Data>
<Data Name="WorkstationName">WIN-UV1J6MF0DTJ</Data>
<Data Name="TransmittedServices">-</Data>
<Data Name="LmPackageName">-</Data>
<Data Name="KeyLength">0</Data>
<Data Name="ProcessId">0x0000000000000000</Data>
<Data Name="ProcessName">-</Data>
<Data Name="IpAddress">fe80::a96a:d5fb:c046:57a7</Data>
<Data Name="IpPort">62149</Data>
</EventData>
</Event>

<Event xmlns="http://schemas.microsoft.com/win/2004/08/events/event"><System><Provider Name="Microsoft-Windows-Security-Auditing" Guid="{54849625-5478-4994-a5ba-3e3b0328c30d}"></Provider>
<EventID Qualifiers="">4648</EventID>
<Version>0</Version>
<Level>0</Level>
<Task>12544</Task>
<Opcode>0</Opcode>
<Keywords>0x8020000000000000</Keywords>
<TimeCreated SystemTime="2021-11-19 22:30:13.570711"></TimeCreated>
<EventRecordID>130448</EventRecordID>
<Correlation ActivityID="" RelatedActivityID=""></Correlation>
<Execution ProcessID="512" ThreadID="2128"></Execution>
<Channel>Security</Channel>
<Computer>WIN-UV1J6MF0DTJ.will.local</Computer>
<Security UserID=""></Security>
</System>
<EventData><Data Name="SubjectUserSid">S-1-5-21-3777587639-3470808366-3121508069-500</Data>
<Data Name="SubjectUserName">Administrator</Data>
<Data Name="SubjectDomainName">WILL</Data>
<Data Name="SubjectLogonId">0x0000000000028b58</Data>
<Data Name="LogonGuid">{9f2e4d8f-4f8b-5d78-2782-d6cda2bc9263}</Data>
<Data Name="TargetUserName">ericm</Data>
<Data Name="TargetDomainName"></Data>
<Data Name="TargetLogonGuid">{00000000-0000-0000-0000-000000000000}</Data>
<Data Name="TargetServerName">WIN-UV1J6MF0DTJ.will.local</Data>
<Data Name="TargetInfo">WIN-UV1J6MF0DTJ.will.local</Data>
<Data Name="ProcessId">0x00000000000008f8</Data>
<Data Name="ProcessName">C:\Windows\System32\WindowsPowerShell\v1.0\powershell.exe</Data>
<Data Name="IpAddress">-</Data>
<Data Name="IpPort">-</Data>
</EventData>
</Event>

<Event xmlns="http://schemas.microsoft.com/win/2004/08/events/event"><System><Provider Name="Microsoft-Windows-Security-Auditing" Guid="{54849625-5478-4994-a5ba-3e3b0328c30d}"></Provider>
<EventID Qualifiers="">4625</EventID>
<Version>0</Version>
<Level>0</Level>
<Task>12544</Task>
<Opcode>0</Opcode>
<Keywords>0x8010000000000000</Keywords>
<TimeCreated SystemTime="2021-11-19 22:30:13.570711"></TimeCreated>
<EventRecordID>130449</EventRecordID>
<Correlation ActivityID="" RelatedActivityID=""></Correlation>
<Execution ProcessID="512" ThreadID="1412"></Execution>
<Channel>Security</Channel>
<Computer>WIN-UV1J6MF0DTJ.will.local</Computer>
<Security UserID=""></Security>
</System>
<EventData><Data Name="SubjectUserSid">S-1-0-0</Data>
<Data Name="SubjectUserName">-</Data>
<Data Name="SubjectDomainName">-</Data>
<Data Name="SubjectLogonId">0x0000000000000000</Data>
<Data Name="TargetUserSid">S-1-0-0</Data>
<Data Name="TargetUserName">ericm</Data>
<Data Name="TargetDomainName"></Data>
<Data Name="Status">0xc000006d</Data>
<Data Name="FailureReason">%%2313</Data>
<Data Name="SubStatus">0xc000006a</Data>
<Data Name="LogonType">3</Data>
<Data Name="LogonProcessName">NtLmSsp </Data>
<Data Name="AuthenticationPackageName">NTLM</Data>
<Data Name="WorkstationName">WIN-UV1J6MF0DTJ</Data>
<Data Name="TransmittedServices">-</Data>
<Data Name="LmPackageName">-</Data>
<Data Name="KeyLength">0</Data>
<Data Name="ProcessId">0x0000000000000000</Data>
<Data Name="ProcessName">-</Data>
<Data Name="IpAddress">fe80::a96a:d5fb:c046:57a7</Data>
<Data Name="IpPort">62151</Data>
</EventData>
</Event>

<Event xmlns="http://schemas.microsoft.com/win/2004/08/events/event"><System><Provider Name="Microsoft-Windows-Security-Auditing" Guid="{54849625-5478-4994-a5ba-3e3b0328c30d}"></Provider>
<EventID Qualifiers="">4648</EventID>
<Version>0</Version>
<Level>0</Level>
<Task>12544</Task>
<Opcode>0</Opcode>
<Keywords>0x8020000000000000</Keywords>
<TimeCreated SystemTime="2021-11-19 22:30:13.726948"></TimeCreated>
<EventRecordID>130450</EventRecordID>
<Correlation ActivityID="" RelatedActivityID=""></Correlation>
<Execution ProcessID="512" ThreadID="2128"></Execution>
<Channel>Security</Channel>
<Computer>WIN-UV1J6MF0DTJ.will.local</Computer>
<Security UserID=""></Security>
</System>
<EventData><Data Name="SubjectUserSid">S-1-5-21-3777587639-3470808366-3121508069-500</Data>
<Data Name="SubjectUserName">Administrator</Data>
<Data Name="SubjectDomainName">WILL</Data>
<Data Name="SubjectLogonId">0x0000000000028b58</Data>
<Data Name="LogonGuid">{9f2e4d8f-4f8b-5d78-2782-d6cda2bc9263}</Data>
<Data Name="TargetUserName">ericm</Data>
<Data Name="TargetDomainName"></Data>
<Data Name="TargetLogonGuid">{00000000-0000-0000-0000-000000000000}</Data>
<Data Name="TargetServerName">WIN-UV1J6MF0DTJ.will.local</Data>
<Data Name="TargetInfo">WIN-UV1J6MF0DTJ.will.local</Data>
<Data Name="ProcessId">0x00000000000008f8</Data>
<Data Name="ProcessName">C:\Windows\System32\WindowsPowerShell\v1.0\powershell.exe</Data>
<Data Name="IpAddress">-</Data>
<Data Name="IpPort">-</Data>
</EventData>
</Event>

<Event xmlns="http://schemas.microsoft.com/win/2004/08/events/event"><System><Provider Name="Microsoft-Windows-Security-Auditing" Guid="{54849625-5478-4994-a5ba-3e3b0328c30d}"></Provider>
<EventID Qualifiers="">4625</EventID>
<Version>0</Version>
<Level>0</Level>
<Task>12544</Task>
<Opcode>0</Opcode>
<Keywords>0x8010000000000000</Keywords>
<TimeCreated SystemTime="2021-11-19 22:30:13.726948"></TimeCreated>
<EventRecordID>130451</EventRecordID>
<Correlation ActivityID="" RelatedActivityID=""></Correlation>
<Execution ProcessID="512" ThreadID="1412"></Execution>
<Channel>Security</Channel>
<Computer>WIN-UV1J6MF0DTJ.will.local</Computer>
<Security UserID=""></Security>
</System>
<EventData><Data Name="SubjectUserSid">S-1-0-0</Data>
<Data Name="SubjectUserName">-</Data>
<Data Name="SubjectDomainName">-</Data>
<Data Name="SubjectLogonId">0x0000000000000000</Data>
<Data Name="TargetUserSid">S-1-0-0</Data>
<Data Name="TargetUserName">ericm</Data>
<Data Name="TargetDomainName"></Data>
<Data Name="Status">0xc000006d</Data>
<Data Name="FailureReason">%%2313</Data>
<Data Name="SubStatus">0xc000006a</Data>
<Data Name="LogonType">3</Data>
<Data Name="LogonProcessName">NtLmSsp </Data>
<Data Name="AuthenticationPackageName">NTLM</Data>
<Data Name="WorkstationName">WIN-UV1J6MF0DTJ</Data>
<Data Name="TransmittedServices">-</Data>
<Data Name="LmPackageName">-</Data>
<Data Name="KeyLength">0</Data>
<Data Name="ProcessId">0x0000000000000000</Data>
<Data Name="ProcessName">-</Data>
<Data Name="IpAddress">fe80::a96a:d5fb:c046:57a7</Data>
<Data Name="IpPort">62153</Data>
</EventData>
</Event>

<Event xmlns="http://schemas.microsoft.com/win/2004/08/events/event"><System><Provider Name="Microsoft-Windows-Security-Auditing" Guid="{54849625-5478-4994-a5ba-3e3b0328c30d}"></Provider>
<EventID Qualifiers="">4648</EventID>
<Version>0</Version>
<Level>0</Level>
<Task>12544</Task>
<Opcode>0</Opcode>
<Keywords>0x8020000000000000</Keywords>
<TimeCreated SystemTime="2021-11-19 22:30:13.867575"></TimeCreated>
<EventRecordID>130452</EventRecordID>
<Correlation ActivityID="" RelatedActivityID=""></Correlation>
<Execution ProcessID="512" ThreadID="2128"></Execution>
<Channel>Security</Channel>
<Computer>WIN-UV1J6MF0DTJ.will.local</Computer>
<Security UserID=""></Security>
</System>
<EventData><Data Name="SubjectUserSid">S-1-5-21-3777587639-3470808366-3121508069-500</Data>
<Data Name="SubjectUserName">Administrator</Data>
<Data Name="SubjectDomainName">WILL</Data>
<Data Name="SubjectLogonId">0x0000000000028b58</Data>
<Data Name="LogonGuid">{9f2e4d8f-4f8b-5d78-2782-d6cda2bc9263}</Data>
<Data Name="TargetUserName">ericm</Data>
<Data Name="TargetDomainName"></Data>
<Data Name="TargetLogonGuid">{00000000-0000-0000-0000-000000000000}</Data>
<Data Name="TargetServerName">WIN-UV1J6MF0DTJ.will.local</Data>
<Data Name="TargetInfo">WIN-UV1J6MF0DTJ.will.local</Data>
<Data Name="ProcessId">0x00000000000008f8</Data>
<Data Name="ProcessName">C:\Windows\System32\WindowsPowerShell\v1.0\powershell.exe</Data>
<Data Name="IpAddress">-</Data>
<Data Name="IpPort">-</Data>
</EventData>
</Event>

<Event xmlns="http://schemas.microsoft.com/win/2004/08/events/event"><System><Provider Name="Microsoft-Windows-Security-Auditing" Guid="{54849625-5478-4994-a5ba-3e3b0328c30d}"></Provider>
<EventID Qualifiers="">4625</EventID>
<Version>0</Version>
<Level>0</Level>
<Task>12544</Task>
<Opcode>0</Opcode>
<Keywords>0x8010000000000000</Keywords>
<TimeCreated SystemTime="2021-11-19 22:30:13.867575"></TimeCreated>
<EventRecordID>130453</EventRecordID>
<Correlation ActivityID="" RelatedActivityID=""></Correlation>
<Execution ProcessID="512" ThreadID="1412"></Execution>
<Channel>Security</Channel>
<Computer>WIN-UV1J6MF0DTJ.will.local</Computer>
<Security UserID=""></Security>
</System>
<EventData><Data Name="SubjectUserSid">S-1-0-0</Data>
<Data Name="SubjectUserName">-</Data>
<Data Name="SubjectDomainName">-</Data>
<Data Name="SubjectLogonId">0x0000000000000000</Data>
<Data Name="TargetUserSid">S-1-0-0</Data>
<Data Name="TargetUserName">ericm</Data>
<Data Name="TargetDomainName"></Data>
<Data Name="Status">0xc000006d</Data>
<Data Name="FailureReason">%%2313</Data>
<Data Name="SubStatus">0xc000006a</Data>
<Data Name="LogonType">3</Data>
<Data Name="LogonProcessName">NtLmSsp </Data>
<Data Name="AuthenticationPackageName">NTLM</Data>
<Data Name="WorkstationName">WIN-UV1J6MF0DTJ</Data>
<Data Name="TransmittedServices">-</Data>
<Data Name="LmPackageName">-</Data>
<Data Name="KeyLength">0</Data>
<Data Name="ProcessId">0x0000000000000000</Data>
<Data Name="ProcessName">-</Data>
<Data Name="IpAddress">fe80::a96a:d5fb:c046:57a7</Data>
<Data Name="IpPort">62155</Data>
</EventData>
</Event>

<Event xmlns="http://schemas.microsoft.com/win/2004/08/events/event"><System><Provider Name="Microsoft-Windows-Security-Auditing" Guid="{54849625-5478-4994-a5ba-3e3b0328c30d}"></Provider>
<EventID Qualifiers="">4648</EventID>
<Version>0</Version>
<Level>0</Level>
<Task>12544</Task>
<Opcode>0</Opcode>
<Keywords>0x8020000000000000</Keywords>
<TimeCreated SystemTime="2021-11-19 22:30:13.992552"></TimeCreated>
<EventRecordID>130454</EventRecordID>
<Correlation ActivityID="" RelatedActivityID=""></Correlation>
<Execution ProcessID="512" ThreadID="2128"></Execution>
<Channel>Security</Channel>
<Computer>WIN-UV1J6MF0DTJ.will.local</Computer>
<Security UserID=""></Security>
</System>
<EventData><Data Name="SubjectUserSid">S-1-5-21-3777587639-3470808366-3121508069-500</Data>
<Data Name="SubjectUserName">Administrator</Data>
<Data Name="SubjectDomainName">WILL</Data>
<Data Name="SubjectLogonId">0x0000000000028b58</Data>
<Data Name="LogonGuid">{9f2e4d8f-4f8b-5d78-2782-d6cda2bc9263}</Data>
<Data Name="TargetUserName">ericm</Data>
<Data Name="TargetDomainName"></Data>
<Data Name="TargetLogonGuid">{00000000-0000-0000-0000-000000000000}</Data>
<Data Name="TargetServerName">WIN-UV1J6MF0DTJ.will.local</Data>
<Data Name="TargetInfo">WIN-UV1J6MF0DTJ.will.local</Data>
<Data Name="ProcessId">0x00000000000008f8</Data>
<Data Name="ProcessName">C:\Windows\System32\WindowsPowerShell\v1.0\powershell.exe</Data>
<Data Name="IpAddress">-</Data>
<Data Name="IpPort">-</Data>
</EventData>
</Event>

<Event xmlns="http://schemas.microsoft.com/win/2004/08/events/event"><System><Provider Name="Microsoft-Windows-Security-Auditing" Guid="{54849625-5478-4994-a5ba-3e3b0328c30d}"></Provider>
<EventID Qualifiers="">4625</EventID>
<Version>0</Version>
<Level>0</Level>
<Task>12544</Task>
<Opcode>0</Opcode>
<Keywords>0x8010000000000000</Keywords>
<TimeCreated SystemTime="2021-11-19 22:30:13.992552"></TimeCreated>
<EventRecordID>130455</EventRecordID>
<Correlation ActivityID="" RelatedActivityID=""></Correlation>
<Execution ProcessID="512" ThreadID="1412"></Execution>
<Channel>Security</Channel>
<Computer>WIN-UV1J6MF0DTJ.will.local</Computer>
<Security UserID=""></Security>
</System>
<EventData><Data Name="SubjectUserSid">S-1-0-0</Data>
<Data Name="SubjectUserName">-</Data>
<Data Name="SubjectDomainName">-</Data>
<Data Name="SubjectLogonId">0x0000000000000000</Data>
<Data Name="TargetUserSid">S-1-0-0</Data>
<Data Name="TargetUserName">ericm</Data>
<Data Name="TargetDomainName"></Data>
<Data Name="Status">0xc000006d</Data>
<Data Name="FailureReason">%%2313</Data>
<Data Name="SubStatus">0xc000006a</Data>
<Data Name="LogonType">3</Data>
<Data Name="LogonProcessName">NtLmSsp </Data>
<Data Name="AuthenticationPackageName">NTLM</Data>
<Data Name="WorkstationName">WIN-UV1J6MF0DTJ</Data>
<Data Name="TransmittedServices">-</Data>
<Data Name="LmPackageName">-</Data>
<Data Name="KeyLength">0</Data>
<Data Name="ProcessId">0x0000000000000000</Data>
<Data Name="ProcessName">-</Data>
<Data Name="IpAddress">fe80::a96a:d5fb:c046:57a7</Data>
<Data Name="IpPort">62157</Data>
</EventData>
</Event>

<Event xmlns="http://schemas.microsoft.com/win/2004/08/events/event"><System><Provider Name="Microsoft-Windows-Security-Auditing" Guid="{54849625-5478-4994-a5ba-3e3b0328c30d}"></Provider>
<EventID Qualifiers="">4648</EventID>
<Version>0</Version>
<Level>0</Level>
<Task>12544</Task>
<Opcode>0</Opcode>
<Keywords>0x8020000000000000</Keywords>
<TimeCreated SystemTime="2021-11-19 22:30:14.133205"></TimeCreated>
<EventRecordID>130456</EventRecordID>
<Correlation ActivityID="" RelatedActivityID=""></Correlation>
<Execution ProcessID="512" ThreadID="2128"></Execution>
<Channel>Security</Channel>
<Computer>WIN-UV1J6MF0DTJ.will.local</Computer>
<Security UserID=""></Security>
</System>
<EventData><Data Name="SubjectUserSid">S-1-5-21-3777587639-3470808366-3121508069-500</Data>
<Data Name="SubjectUserName">Administrator</Data>
<Data Name="SubjectDomainName">WILL</Data>
<Data Name="SubjectLogonId">0x0000000000028b58</Data>
<Data Name="LogonGuid">{9f2e4d8f-4f8b-5d78-2782-d6cda2bc9263}</Data>
<Data Name="TargetUserName">ericm</Data>
<Data Name="TargetDomainName"></Data>
<Data Name="TargetLogonGuid">{00000000-0000-0000-0000-000000000000}</Data>
<Data Name="TargetServerName">WIN-UV1J6MF0DTJ.will.local</Data>
<Data Name="TargetInfo">WIN-UV1J6MF0DTJ.will.local</Data>
<Data Name="ProcessId">0x00000000000008f8</Data>
<Data Name="ProcessName">C:\Windows\System32\WindowsPowerShell\v1.0\powershell.exe</Data>
<Data Name="IpAddress">-</Data>
<Data Name="IpPort">-</Data>
</EventData>
</Event>

<Event xmlns="http://schemas.microsoft.com/win/2004/08/events/event"><System><Provider Name="Microsoft-Windows-Security-Auditing" Guid="{54849625-5478-4994-a5ba-3e3b0328c30d}"></Provider>
<EventID Qualifiers="">4625</EventID>
<Version>0</Version>
<Level>0</Level>
<Task>12544</Task>
<Opcode>0</Opcode>
<Keywords>0x8010000000000000</Keywords>
<TimeCreated SystemTime="2021-11-19 22:30:14.133205"></TimeCreated>
<EventRecordID>130457</EventRecordID>
<Correlation ActivityID="" RelatedActivityID=""></Correlation>
<Execution ProcessID="512" ThreadID="1412"></Execution>
<Channel>Security</Channel>
<Computer>WIN-UV1J6MF0DTJ.will.local</Computer>
<Security UserID=""></Security>
</System>
<EventData><Data Name="SubjectUserSid">S-1-0-0</Data>
<Data Name="SubjectUserName">-</Data>
<Data Name="SubjectDomainName">-</Data>
<Data Name="SubjectLogonId">0x0000000000000000</Data>
<Data Name="TargetUserSid">S-1-0-0</Data>
<Data Name="TargetUserName">ericm</Data>
<Data Name="TargetDomainName"></Data>
<Data Name="Status">0xc000006d</Data>
<Data Name="FailureReason">%%2313</Data>
<Data Name="SubStatus">0xc000006a</Data>
<Data Name="LogonType">3</Data>
<Data Name="LogonProcessName">NtLmSsp </Data>
<Data Name="AuthenticationPackageName">NTLM</Data>
<Data Name="WorkstationName">WIN-UV1J6MF0DTJ</Data>
<Data Name="TransmittedServices">-</Data>
<Data Name="LmPackageName">-</Data>
<Data Name="KeyLength">0</Data>
<Data Name="ProcessId">0x0000000000000000</Data>
<Data Name="ProcessName">-</Data>
<Data Name="IpAddress">fe80::a96a:d5fb:c046:57a7</Data>
<Data Name="IpPort">62159</Data>
</EventData>
</Event>

<Event xmlns="http://schemas.microsoft.com/win/2004/08/events/event"><System><Provider Name="Microsoft-Windows-Security-Auditing" Guid="{54849625-5478-4994-a5ba-3e3b0328c30d}"></Provider>
<EventID Qualifiers="">4648</EventID>
<Version>0</Version>
<Level>0</Level>
<Task>12544</Task>
<Opcode>0</Opcode>
<Keywords>0x8020000000000000</Keywords>
<TimeCreated SystemTime="2021-11-19 22:30:14.258183"></TimeCreated>
<EventRecordID>130458</EventRecordID>
<Correlation ActivityID="" RelatedActivityID=""></Correlation>
<Execution ProcessID="512" ThreadID="2128"></Execution>
<Channel>Security</Channel>
<Computer>WIN-UV1J6MF0DTJ.will.local</Computer>
<Security UserID=""></Security>
</System>
<EventData><Data Name="SubjectUserSid">S-1-5-21-3777587639-3470808366-3121508069-500</Data>
<Data Name="SubjectUserName">Administrator</Data>
<Data Name="SubjectDomainName">WILL</Data>
<Data Name="SubjectLogonId">0x0000000000028b58</Data>
<Data Name="LogonGuid">{9f2e4d8f-4f8b-5d78-2782-d6cda2bc9263}</Data>
<Data Name="TargetUserName">ericm</Data>
<Data Name="TargetDomainName"></Data>
<Data Name="TargetLogonGuid">{00000000-0000-0000-0000-000000000000}</Data>
<Data Name="TargetServerName">WIN-UV1J6MF0DTJ.will.local</Data>
<Data Name="TargetInfo">WIN-UV1J6MF0DTJ.will.local</Data>
<Data Name="ProcessId">0x00000000000008f8</Data>
<Data Name="ProcessName">C:\Windows\System32\WindowsPowerShell\v1.0\powershell.exe</Data>
<Data Name="IpAddress">-</Data>
<Data Name="IpPort">-</Data>
</EventData>
</Event>

<Event xmlns="http://schemas.microsoft.com/win/2004/08/events/event"><System><Provider Name="Microsoft-Windows-Security-Auditing" Guid="{54849625-5478-4994-a5ba-3e3b0328c30d}"></Provider>
<EventID Qualifiers="">4625</EventID>
<Version>0</Version>
<Level>0</Level>
<Task>12544</Task>
<Opcode>0</Opcode>
<Keywords>0x8010000000000000</Keywords>
<TimeCreated SystemTime="2021-11-19 22:30:14.258183"></TimeCreated>
<EventRecordID>130459</EventRecordID>
<Correlation ActivityID="" RelatedActivityID=""></Correlation>
<Execution ProcessID="512" ThreadID="1412"></Execution>
<Channel>Security</Channel>
<Computer>WIN-UV1J6MF0DTJ.will.local</Computer>
<Security UserID=""></Security>
</System>
<EventData><Data Name="SubjectUserSid">S-1-0-0</Data>
<Data Name="SubjectUserName">-</Data>
<Data Name="SubjectDomainName">-</Data>
<Data Name="SubjectLogonId">0x0000000000000000</Data>
<Data Name="TargetUserSid">S-1-0-0</Data>
<Data Name="TargetUserName">ericm</Data>
<Data Name="TargetDomainName"></Data>
<Data Name="Status">0xc000006d</Data>
<Data Name="FailureReason">%%2313</Data>
<Data Name="SubStatus">0xc000006a</Data>
<Data Name="LogonType">3</Data>
<Data Name="LogonProcessName">NtLmSsp </Data>
<Data Name="AuthenticationPackageName">NTLM</Data>
<Data Name="WorkstationName">WIN-UV1J6MF0DTJ</Data>
<Data Name="TransmittedServices">-</Data>
<Data Name="LmPackageName">-</Data>
<Data Name="KeyLength">0</Data>
<Data Name="ProcessId">0x0000000000000000</Data>
<Data Name="ProcessName">-</Data>
<Data Name="IpAddress">fe80::a96a:d5fb:c046:57a7</Data>
<Data Name="IpPort">62161</Data>
</EventData>
</Event>

<Event xmlns="http://schemas.microsoft.com/win/2004/08/events/event"><System><Provider Name="Microsoft-Windows-Security-Auditing" Guid="{54849625-5478-4994-a5ba-3e3b0328c30d}"></Provider>
<EventID Qualifiers="">4648</EventID>
<Version>0</Version>
<Level>0</Level>
<Task>12544</Task>
<Opcode>0</Opcode>
<Keywords>0x8020000000000000</Keywords>
<TimeCreated SystemTime="2021-11-19 22:30:14.398920"></TimeCreated>
<EventRecordID>130460</EventRecordID>
<Correlation ActivityID="" RelatedActivityID=""></Correlation>
<Execution ProcessID="512" ThreadID="2128"></Execution>
<Channel>Security</Channel>
<Computer>WIN-UV1J6MF0DTJ.will.local</Computer>
<Security UserID=""></Security>
</System>
<EventData><Data Name="SubjectUserSid">S-1-5-21-3777587639-3470808366-3121508069-500</Data>
<Data Name="SubjectUserName">Administrator</Data>
<Data Name="SubjectDomainName">WILL</Data>
<Data Name="SubjectLogonId">0x0000000000028b58</Data>
<Data Name="LogonGuid">{9f2e4d8f-4f8b-5d78-2782-d6cda2bc9263}</Data>
<Data Name="TargetUserName">ericm</Data>
<Data Name="TargetDomainName"></Data>
<Data Name="TargetLogonGuid">{00000000-0000-0000-0000-000000000000}</Data>
<Data Name="TargetServerName">WIN-UV1J6MF0DTJ.will.local</Data>
<Data Name="TargetInfo">WIN-UV1J6MF0DTJ.will.local</Data>
<Data Name="ProcessId">0x00000000000008f8</Data>
<Data Name="ProcessName">C:\Windows\System32\WindowsPowerShell\v1.0\powershell.exe</Data>
<Data Name="IpAddress">-</Data>
<Data Name="IpPort">-</Data>
</EventData>
</Event>

<Event xmlns="http://schemas.microsoft.com/win/2004/08/events/event"><System><Provider Name="Microsoft-Windows-Security-Auditing" Guid="{54849625-5478-4994-a5ba-3e3b0328c30d}"></Provider>
<EventID Qualifiers="">4625</EventID>
<Version>0</Version>
<Level>0</Level>
<Task>12544</Task>
<Opcode>0</Opcode>
<Keywords>0x8010000000000000</Keywords>
<TimeCreated SystemTime="2021-11-19 22:30:14.398920"></TimeCreated>
<EventRecordID>130461</EventRecordID>
<Correlation ActivityID="" RelatedActivityID=""></Correlation>
<Execution ProcessID="512" ThreadID="1412"></Execution>
<Channel>Security</Channel>
<Computer>WIN-UV1J6MF0DTJ.will.local</Computer>
<Security UserID=""></Security>
</System>
<EventData><Data Name="SubjectUserSid">S-1-0-0</Data>
<Data Name="SubjectUserName">-</Data>
<Data Name="SubjectDomainName">-</Data>
<Data Name="SubjectLogonId">0x0000000000000000</Data>
<Data Name="TargetUserSid">S-1-0-0</Data>
<Data Name="TargetUserName">ericm</Data>
<Data Name="TargetDomainName"></Data>
<Data Name="Status">0xc000006d</Data>
<Data Name="FailureReason">%%2313</Data>
<Data Name="SubStatus">0xc000006a</Data>
<Data Name="LogonType">3</Data>
<Data Name="LogonProcessName">NtLmSsp </Data>
<Data Name="AuthenticationPackageName">NTLM</Data>
<Data Name="WorkstationName">WIN-UV1J6MF0DTJ</Data>
<Data Name="TransmittedServices">-</Data>
<Data Name="LmPackageName">-</Data>
<Data Name="KeyLength">0</Data>
<Data Name="ProcessId">0x0000000000000000</Data>
<Data Name="ProcessName">-</Data>
<Data Name="IpAddress">fe80::a96a:d5fb:c046:57a7</Data>
<Data Name="IpPort">62163</Data>
</EventData>
</Event>

<Event xmlns="http://schemas.microsoft.com/win/2004/08/events/event"><System><Provider Name="Microsoft-Windows-Security-Auditing" Guid="{54849625-5478-4994-a5ba-3e3b0328c30d}"></Provider>
<EventID Qualifiers="">4648</EventID>
<Version>0</Version>
<Level>0</Level>
<Task>12544</Task>
<Opcode>0</Opcode>
<Keywords>0x8020000000000000</Keywords>
<TimeCreated SystemTime="2021-11-19 22:30:14.523804"></TimeCreated>
<EventRecordID>130462</EventRecordID>
<Correlation ActivityID="" RelatedActivityID=""></Correlation>
<Execution ProcessID="512" ThreadID="2128"></Execution>
<Channel>Security</Channel>
<Computer>WIN-UV1J6MF0DTJ.will.local</Computer>
<Security UserID=""></Security>
</System>
<EventData><Data Name="SubjectUserSid">S-1-5-21-3777587639-3470808366-3121508069-500</Data>
<Data Name="SubjectUserName">Administrator</Data>
<Data Name="SubjectDomainName">WILL</Data>
<Data Name="SubjectLogonId">0x0000000000028b58</Data>
<Data Name="LogonGuid">{9f2e4d8f-4f8b-5d78-2782-d6cda2bc9263}</Data>
<Data Name="TargetUserName">ericm</Data>
<Data Name="TargetDomainName"></Data>
<Data Name="TargetLogonGuid">{00000000-0000-0000-0000-000000000000}</Data>
<Data Name="TargetServerName">WIN-UV1J6MF0DTJ.will.local</Data>
<Data Name="TargetInfo">WIN-UV1J6MF0DTJ.will.local</Data>
<Data Name="ProcessId">0x00000000000008f8</Data>
<Data Name="ProcessName">C:\Windows\System32\WindowsPowerShell\v1.0\powershell.exe</Data>
<Data Name="IpAddress">-</Data>
<Data Name="IpPort">-</Data>
</EventData>
</Event>

<Event xmlns="http://schemas.microsoft.com/win/2004/08/events/event"><System><Provider Name="Microsoft-Windows-Security-Auditing" Guid="{54849625-5478-4994-a5ba-3e3b0328c30d}"></Provider>
<EventID Qualifiers="">4625</EventID>
<Version>0</Version>
<Level>0</Level>
<Task>12544</Task>
<Opcode>0</Opcode>
<Keywords>0x8010000000000000</Keywords>
<TimeCreated SystemTime="2021-11-19 22:30:14.539444"></TimeCreated>
<EventRecordID>130463</EventRecordID>
<Correlation ActivityID="" RelatedActivityID=""></Correlation>
<Execution ProcessID="512" ThreadID="1412"></Execution>
<Channel>Security</Channel>
<Computer>WIN-UV1J6MF0DTJ.will.local</Computer>
<Security UserID=""></Security>
</System>
<EventData><Data Name="SubjectUserSid">S-1-0-0</Data>
<Data Name="SubjectUserName">-</Data>
<Data Name="SubjectDomainName">-</Data>
<Data Name="SubjectLogonId">0x0000000000000000</Data>
<Data Name="TargetUserSid">S-1-0-0</Data>
<Data Name="TargetUserName">ericm</Data>
<Data Name="TargetDomainName"></Data>
<Data Name="Status">0xc000006d</Data>
<Data Name="FailureReason">%%2313</Data>
<Data Name="SubStatus">0xc000006a</Data>
<Data Name="LogonType">3</Data>
<Data Name="LogonProcessName">NtLmSsp </Data>
<Data Name="AuthenticationPackageName">NTLM</Data>
<Data Name="WorkstationName">WIN-UV1J6MF0DTJ</Data>
<Data Name="TransmittedServices">-</Data>
<Data Name="LmPackageName">-</Data>
<Data Name="KeyLength">0</Data>
<Data Name="ProcessId">0x0000000000000000</Data>
<Data Name="ProcessName">-</Data>
<Data Name="IpAddress">fe80::a96a:d5fb:c046:57a7</Data>
<Data Name="IpPort">62165</Data>
</EventData>
</Event>

<Event xmlns="http://schemas.microsoft.com/win/2004/08/events/event"><System><Provider Name="Microsoft-Windows-Security-Auditing" Guid="{54849625-5478-4994-a5ba-3e3b0328c30d}"></Provider>
<EventID Qualifiers="">4648</EventID>
<Version>0</Version>
<Level>0</Level>
<Task>12544</Task>
<Opcode>0</Opcode>
<Keywords>0x8020000000000000</Keywords>
<TimeCreated SystemTime="2021-11-19 22:30:14.664429"></TimeCreated>
<EventRecordID>130464</EventRecordID>
<Correlation ActivityID="" RelatedActivityID=""></Correlation>
<Execution ProcessID="512" ThreadID="2128"></Execution>
<Channel>Security</Channel>
<Computer>WIN-UV1J6MF0DTJ.will.local</Computer>
<Security UserID=""></Security>
</System>
<EventData><Data Name="SubjectUserSid">S-1-5-21-3777587639-3470808366-3121508069-500</Data>
<Data Name="SubjectUserName">Administrator</Data>
<Data Name="SubjectDomainName">WILL</Data>
<Data Name="SubjectLogonId">0x0000000000028b58</Data>
<Data Name="LogonGuid">{9f2e4d8f-4f8b-5d78-2782-d6cda2bc9263}</Data>
<Data Name="TargetUserName">ericm</Data>
<Data Name="TargetDomainName"></Data>
<Data Name="TargetLogonGuid">{00000000-0000-0000-0000-000000000000}</Data>
<Data Name="TargetServerName">WIN-UV1J6MF0DTJ.will.local</Data>
<Data Name="TargetInfo">WIN-UV1J6MF0DTJ.will.local</Data>
<Data Name="ProcessId">0x00000000000008f8</Data>
<Data Name="ProcessName">C:\Windows\System32\WindowsPowerShell\v1.0\powershell.exe</Data>
<Data Name="IpAddress">-</Data>
<Data Name="IpPort">-</Data>
</EventData>
</Event>

<Event xmlns="http://schemas.microsoft.com/win/2004/08/events/event"><System><Provider Name="Microsoft-Windows-Security-Auditing" Guid="{54849625-5478-4994-a5ba-3e3b0328c30d}"></Provider>
<EventID Qualifiers="">4625</EventID>
<Version>0</Version>
<Level>0</Level>
<Task>12544</Task>
<Opcode>0</Opcode>
<Keywords>0x8010000000000000</Keywords>
<TimeCreated SystemTime="2021-11-19 22:30:14.664429"></TimeCreated>
<EventRecordID>130465</EventRecordID>
<Correlation ActivityID="" RelatedActivityID=""></Correlation>
<Execution ProcessID="512" ThreadID="1412"></Execution>
<Channel>Security</Channel>
<Computer>WIN-UV1J6MF0DTJ.will.local</Computer>
<Security UserID=""></Security>
</System>
<EventData><Data Name="SubjectUserSid">S-1-0-0</Data>
<Data Name="SubjectUserName">-</Data>
<Data Name="SubjectDomainName">-</Data>
<Data Name="SubjectLogonId">0x0000000000000000</Data>
<Data Name="TargetUserSid">S-1-0-0</Data>
<Data Name="TargetUserName">ericm</Data>
<Data Name="TargetDomainName"></Data>
<Data Name="Status">0xc000006d</Data>
<Data Name="FailureReason">%%2313</Data>
<Data Name="SubStatus">0xc000006a</Data>
<Data Name="LogonType">3</Data>
<Data Name="LogonProcessName">NtLmSsp </Data>
<Data Name="AuthenticationPackageName">NTLM</Data>
<Data Name="WorkstationName">WIN-UV1J6MF0DTJ</Data>
<Data Name="TransmittedServices">-</Data>
<Data Name="LmPackageName">-</Data>
<Data Name="KeyLength">0</Data>
<Data Name="ProcessId">0x0000000000000000</Data>
<Data Name="ProcessName">-</Data>
<Data Name="IpAddress">fe80::a96a:d5fb:c046:57a7</Data>
<Data Name="IpPort">62167</Data>
</EventData>
</Event>

<Event xmlns="http://schemas.microsoft.com/win/2004/08/events/event"><System><Provider Name="Microsoft-Windows-Security-Auditing" Guid="{54849625-5478-4994-a5ba-3e3b0328c30d}"></Provider>
<EventID Qualifiers="">4648</EventID>
<Version>0</Version>
<Level>0</Level>
<Task>12544</Task>
<Opcode>0</Opcode>
<Keywords>0x8020000000000000</Keywords>
<TimeCreated SystemTime="2021-11-19 22:30:14.680058"></TimeCreated>
<EventRecordID>130466</EventRecordID>
<Correlation ActivityID="" RelatedActivityID=""></Correlation>
<Execution ProcessID="512" ThreadID="2128"></Execution>
<Channel>Security</Channel>
<Computer>WIN-UV1J6MF0DTJ.will.local</Computer>
<Security UserID=""></Security>
</System>
<EventData><Data Name="SubjectUserSid">S-1-5-21-3777587639-3470808366-3121508069-500</Data>
<Data Name="SubjectUserName">Administrator</Data>
<Data Name="SubjectDomainName">WILL</Data>
<Data Name="SubjectLogonId">0x0000000000028b58</Data>
<Data Name="LogonGuid">{9f2e4d8f-4f8b-5d78-2782-d6cda2bc9263}</Data>
<Data Name="TargetUserName">blakea</Data>
<Data Name="TargetDomainName"></Data>
<Data Name="TargetLogonGuid">{00000000-0000-0000-0000-000000000000}</Data>
<Data Name="TargetServerName">WIN-UV1J6MF0DTJ.will.local</Data>
<Data Name="TargetInfo">WIN-UV1J6MF0DTJ.will.local</Data>
<Data Name="ProcessId">0x00000000000008f8</Data>
<Data Name="ProcessName">C:\Windows\System32\WindowsPowerShell\v1.0\powershell.exe</Data>
<Data Name="IpAddress">-</Data>
<Data Name="IpPort">-</Data>
</EventData>
</Event>

<Event xmlns="http://schemas.microsoft.com/win/2004/08/events/event"><System><Provider Name="Microsoft-Windows-Security-Auditing" Guid="{54849625-5478-4994-a5ba-3e3b0328c30d}"></Provider>
<EventID Qualifiers="">4625</EventID>
<Version>0</Version>
<Level>0</Level>
<Task>12544</Task>
<Opcode>0</Opcode>
<Keywords>0x8010000000000000</Keywords>
<TimeCreated SystemTime="2021-11-19 22:30:14.680058"></TimeCreated>
<EventRecordID>130467</EventRecordID>
<Correlation ActivityID="" RelatedActivityID=""></Correlation>
<Execution ProcessID="512" ThreadID="1412"></Execution>
<Channel>Security</Channel>
<Computer>WIN-UV1J6MF0DTJ.will.local</Computer>
<Security UserID=""></Security>
</System>
<EventData><Data Name="SubjectUserSid">S-1-0-0</Data>
<Data Name="SubjectUserName">-</Data>
<Data Name="SubjectDomainName">-</Data>
<Data Name="SubjectLogonId">0x0000000000000000</Data>
<Data Name="TargetUserSid">S-1-0-0</Data>
<Data Name="TargetUserName">blakea</Data>
<Data Name="TargetDomainName"></Data>
<Data Name="Status">0xc000006d</Data>
<Data Name="FailureReason">%%2313</Data>
<Data Name="SubStatus">0xc000006a</Data>
<Data Name="LogonType">3</Data>
<Data Name="LogonProcessName">NtLmSsp </Data>
<Data Name="AuthenticationPackageName">NTLM</Data>
<Data Name="WorkstationName">WIN-UV1J6MF0DTJ</Data>
<Data Name="TransmittedServices">-</Data>
<Data Name="LmPackageName">-</Data>
<Data Name="KeyLength">0</Data>
<Data Name="ProcessId">0x0000000000000000</Data>
<Data Name="ProcessName">-</Data>
<Data Name="IpAddress">fe80::a96a:d5fb:c046:57a7</Data>
<Data Name="IpPort">62169</Data>
</EventData>
</Event>

<Event xmlns="http://schemas.microsoft.com/win/2004/08/events/event"><System><Provider Name="Microsoft-Windows-Security-Auditing" Guid="{54849625-5478-4994-a5ba-3e3b0328c30d}"></Provider>
<EventID Qualifiers="">4648</EventID>
<Version>0</Version>
<Level>0</Level>
<Task>12544</Task>
<Opcode>0</Opcode>
<Keywords>0x8020000000000000</Keywords>
<TimeCreated SystemTime="2021-11-19 22:30:14.831161"></TimeCreated>
<EventRecordID>130468</EventRecordID>
<Correlation ActivityID="" RelatedActivityID=""></Correlation>
<Execution ProcessID="512" ThreadID="2128"></Execution>
<Channel>Security</Channel>
<Computer>WIN-UV1J6MF0DTJ.will.local</Computer>
<Security UserID=""></Security>
</System>
<EventData><Data Name="SubjectUserSid">S-1-5-21-3777587639-3470808366-3121508069-500</Data>
<Data Name="SubjectUserName">Administrator</Data>
<Data Name="SubjectDomainName">WILL</Data>
<Data Name="SubjectLogonId">0x0000000000028b58</Data>
<Data Name="LogonGuid">{9f2e4d8f-4f8b-5d78-2782-d6cda2bc9263}</Data>
<Data Name="TargetUserName">ericm</Data>
<Data Name="TargetDomainName"></Data>
<Data Name="TargetLogonGuid">{00000000-0000-0000-0000-000000000000}</Data>
<Data Name="TargetServerName">WIN-UV1J6MF0DTJ.will.local</Data>
<Data Name="TargetInfo">WIN-UV1J6MF0DTJ.will.local</Data>
<Data Name="ProcessId">0x00000000000008f8</Data>
<Data Name="ProcessName">C:\Windows\System32\WindowsPowerShell\v1.0\powershell.exe</Data>
<Data Name="IpAddress">-</Data>
<Data Name="IpPort">-</Data>
</EventData>
</Event>

<Event xmlns="http://schemas.microsoft.com/win/2004/08/events/event"><System><Provider Name="Microsoft-Windows-Security-Auditing" Guid="{54849625-5478-4994-a5ba-3e3b0328c30d}"></Provider>
<EventID Qualifiers="">4625</EventID>
<Version>0</Version>
<Level>0</Level>
<Task>12544</Task>
<Opcode>0</Opcode>
<Keywords>0x8010000000000000</Keywords>
<TimeCreated SystemTime="2021-11-19 22:30:14.831161"></TimeCreated>
<EventRecordID>130469</EventRecordID>
<Correlation ActivityID="" RelatedActivityID=""></Correlation>
<Execution ProcessID="512" ThreadID="1412"></Execution>
<Channel>Security</Channel>
<Computer>WIN-UV1J6MF0DTJ.will.local</Computer>
<Security UserID=""></Security>
</System>
<EventData><Data Name="SubjectUserSid">S-1-0-0</Data>
<Data Name="SubjectUserName">-</Data>
<Data Name="SubjectDomainName">-</Data>
<Data Name="SubjectLogonId">0x0000000000000000</Data>
<Data Name="TargetUserSid">S-1-0-0</Data>
<Data Name="TargetUserName">ericm</Data>
<Data Name="TargetDomainName"></Data>
<Data Name="Status">0xc000006d</Data>
<Data Name="FailureReason">%%2313</Data>
<Data Name="SubStatus">0xc000006a</Data>
<Data Name="LogonType">3</Data>
<Data Name="LogonProcessName">NtLmSsp </Data>
<Data Name="AuthenticationPackageName">NTLM</Data>
<Data Name="WorkstationName">WIN-UV1J6MF0DTJ</Data>
<Data Name="TransmittedServices">-</Data>
<Data Name="LmPackageName">-</Data>
<Data Name="KeyLength">0</Data>
<Data Name="ProcessId">0x0000000000000000</Data>
<Data Name="ProcessName">-</Data>
<Data Name="IpAddress">fe80::a96a:d5fb:c046:57a7</Data>
<Data Name="IpPort">62171</Data>
</EventData>
</Event>

<Event xmlns="http://schemas.microsoft.com/win/2004/08/events/event"><System><Provider Name="Microsoft-Windows-Security-Auditing" Guid="{54849625-5478-4994-a5ba-3e3b0328c30d}"></Provider>
<EventID Qualifiers="">4648</EventID>
<Version>0</Version>
<Level>0</Level>
<Task>12544</Task>
<Opcode>0</Opcode>
<Keywords>0x8020000000000000</Keywords>
<TimeCreated SystemTime="2021-11-19 22:30:14.831161"></TimeCreated>
<EventRecordID>130470</EventRecordID>
<Correlation ActivityID="" RelatedActivityID=""></Correlation>
<Execution ProcessID="512" ThreadID="2128"></Execution>
<Channel>Security</Channel>
<Computer>WIN-UV1J6MF0DTJ.will.local</Computer>
<Security UserID=""></Security>
</System>
<EventData><Data Name="SubjectUserSid">S-1-5-21-3777587639-3470808366-3121508069-500</Data>
<Data Name="SubjectUserName">Administrator</Data>
<Data Name="SubjectDomainName">WILL</Data>
<Data Name="SubjectLogonId">0x0000000000028b58</Data>
<Data Name="LogonGuid">{9f2e4d8f-4f8b-5d78-2782-d6cda2bc9263}</Data>
<Data Name="TargetUserName">blakea</Data>
<Data Name="TargetDomainName"></Data>
<Data Name="TargetLogonGuid">{00000000-0000-0000-0000-000000000000}</Data>
<Data Name="TargetServerName">WIN-UV1J6MF0DTJ.will.local</Data>
<Data Name="TargetInfo">WIN-UV1J6MF0DTJ.will.local</Data>
<Data Name="ProcessId">0x00000000000008f8</Data>
<Data Name="ProcessName">C:\Windows\System32\WindowsPowerShell\v1.0\powershell.exe</Data>
<Data Name="IpAddress">-</Data>
<Data Name="IpPort">-</Data>
</EventData>
</Event>

<Event xmlns="http://schemas.microsoft.com/win/2004/08/events/event"><System><Provider Name="Microsoft-Windows-Security-Auditing" Guid="{54849625-5478-4994-a5ba-3e3b0328c30d}"></Provider>
<EventID Qualifiers="">4776</EventID>
<Version>0</Version>
<Level>0</Level>
<Task>14336</Task>
<Opcode>0</Opcode>
<Keywords>0x8020000000000000</Keywords>
<TimeCreated SystemTime="2021-11-19 22:30:14.846788"></TimeCreated>
<EventRecordID>130471</EventRecordID>
<Correlation ActivityID="" RelatedActivityID=""></Correlation>
<Execution ProcessID="512" ThreadID="1412"></Execution>
<Channel>Security</Channel>
<Computer>WIN-UV1J6MF0DTJ.will.local</Computer>
<Security UserID=""></Security>
</System>
<EventData><Data Name="PackageName">MICROSOFT_AUTHENTICATION_PACKAGE_V1_0</Data>
<Data Name="TargetUserName">blakea</Data>
<Data Name="Workstation">WIN-UV1J6MF0DTJ</Data>
<Data Name="Status">0x00000000</Data>
</EventData>
</Event>

<Event xmlns="http://schemas.microsoft.com/win/2004/08/events/event"><System><Provider Name="Microsoft-Windows-Security-Auditing" Guid="{54849625-5478-4994-a5ba-3e3b0328c30d}"></Provider>
<EventID Qualifiers="">4624</EventID>
<Version>1</Version>
<Level>0</Level>
<Task>12544</Task>
<Opcode>0</Opcode>
<Keywords>0x8020000000000000</Keywords>
<TimeCreated SystemTime="2021-11-19 22:30:14.846788"></TimeCreated>
<EventRecordID>130472</EventRecordID>
<Correlation ActivityID="" RelatedActivityID=""></Correlation>
<Execution ProcessID="512" ThreadID="1412"></Execution>
<Channel>Security</Channel>
<Computer>WIN-UV1J6MF0DTJ.will.local</Computer>
<Security UserID=""></Security>
</System>
<EventData><Data Name="SubjectUserSid">S-1-0-0</Data>
<Data Name="SubjectUserName">-</Data>
<Data Name="SubjectDomainName">-</Data>
<Data Name="SubjectLogonId">0x0000000000000000</Data>
<Data Name="TargetUserSid">S-1-5-21-3777587639-3470808366-3121508069-1711</Data>
<Data Name="TargetUserName">blakea</Data>
<Data Name="TargetDomainName">WILL</Data>
<Data Name="TargetLogonId">0x00000000001c3362</Data>
<Data Name="LogonType">3</Data>
<Data Name="LogonProcessName">NtLmSsp </Data>
<Data Name="AuthenticationPackageName">NTLM</Data>
<Data Name="WorkstationName">WIN-UV1J6MF0DTJ</Data>
<Data Name="LogonGuid">{00000000-0000-0000-0000-000000000000}</Data>
<Data Name="TransmittedServices">-</Data>
<Data Name="LmPackageName">NTLM V2</Data>
<Data Name="KeyLength">128</Data>
<Data Name="ProcessId">0x0000000000000000</Data>
<Data Name="ProcessName">-</Data>
<Data Name="IpAddress">fe80::a96a:d5fb:c046:57a7</Data>
<Data Name="IpPort">62173</Data>
<Data Name="ImpersonationLevel">%%1833</Data>
</EventData>
</Event>

<Event xmlns="http://schemas.microsoft.com/win/2004/08/events/event"><System><Provider Name="Microsoft-Windows-Security-Auditing" Guid="{54849625-5478-4994-a5ba-3e3b0328c30d}"></Provider>
<EventID Qualifiers="">4648</EventID>
<Version>0</Version>
<Level>0</Level>
<Task>12544</Task>
<Opcode>0</Opcode>
<Keywords>0x8020000000000000</Keywords>
<TimeCreated SystemTime="2021-11-19 22:30:14.987438"></TimeCreated>
<EventRecordID>130473</EventRecordID>
<Correlation ActivityID="" RelatedActivityID=""></Correlation>
<Execution ProcessID="512" ThreadID="2128"></Execution>
<Channel>Security</Channel>
<Computer>WIN-UV1J6MF0DTJ.will.local</Computer>
<Security UserID=""></Security>
</System>
<EventData><Data Name="SubjectUserSid">S-1-5-21-3777587639-3470808366-3121508069-500</Data>
<Data Name="SubjectUserName">Administrator</Data>
<Data Name="SubjectDomainName">WILL</Data>
<Data Name="SubjectLogonId">0x0000000000028b58</Data>
<Data Name="LogonGuid">{9f2e4d8f-4f8b-5d78-2782-d6cda2bc9263}</Data>
<Data Name="TargetUserName">ericm</Data>
<Data Name="TargetDomainName"></Data>
<Data Name="TargetLogonGuid">{00000000-0000-0000-0000-000000000000}</Data>
<Data Name="TargetServerName">WIN-UV1J6MF0DTJ.will.local</Data>
<Data Name="TargetInfo">WIN-UV1J6MF0DTJ.will.local</Data>
<Data Name="ProcessId">0x00000000000008f8</Data>
<Data Name="ProcessName">C:\Windows\System32\WindowsPowerShell\v1.0\powershell.exe</Data>
<Data Name="IpAddress">-</Data>
<Data Name="IpPort">-</Data>
</EventData>
</Event>

<Event xmlns="http://schemas.microsoft.com/win/2004/08/events/event"><System><Provider Name="Microsoft-Windows-Security-Auditing" Guid="{54849625-5478-4994-a5ba-3e3b0328c30d}"></Provider>
<EventID Qualifiers="">4625</EventID>
<Version>0</Version>
<Level>0</Level>
<Task>12544</Task>
<Opcode>0</Opcode>
<Keywords>0x8010000000000000</Keywords>
<TimeCreated SystemTime="2021-11-19 22:30:14.987438"></TimeCreated>
<EventRecordID>130474</EventRecordID>
<Correlation ActivityID="" RelatedActivityID=""></Correlation>
<Execution ProcessID="512" ThreadID="1056"></Execution>
<Channel>Security</Channel>
<Computer>WIN-UV1J6MF0DTJ.will.local</Computer>
<Security UserID=""></Security>
</System>
<EventData><Data Name="SubjectUserSid">S-1-0-0</Data>
<Data Name="SubjectUserName">-</Data>
<Data Name="SubjectDomainName">-</Data>
<Data Name="SubjectLogonId">0x0000000000000000</Data>
<Data Name="TargetUserSid">S-1-0-0</Data>
<Data Name="TargetUserName">ericm</Data>
<Data Name="TargetDomainName"></Data>
<Data Name="Status">0xc000006d</Data>
<Data Name="FailureReason">%%2313</Data>
<Data Name="SubStatus">0xc000006a</Data>
<Data Name="LogonType">3</Data>
<Data Name="LogonProcessName">NtLmSsp </Data>
<Data Name="AuthenticationPackageName">NTLM</Data>
<Data Name="WorkstationName">WIN-UV1J6MF0DTJ</Data>
<Data Name="TransmittedServices">-</Data>
<Data Name="LmPackageName">-</Data>
<Data Name="KeyLength">0</Data>
<Data Name="ProcessId">0x0000000000000000</Data>
<Data Name="ProcessName">-</Data>
<Data Name="IpAddress">fe80::a96a:d5fb:c046:57a7</Data>
<Data Name="IpPort">62175</Data>
</EventData>
</Event>

<Event xmlns="http://schemas.microsoft.com/win/2004/08/events/event"><System><Provider Name="Microsoft-Windows-Security-Auditing" Guid="{54849625-5478-4994-a5ba-3e3b0328c30d}"></Provider>
<EventID Qualifiers="">4648</EventID>
<Version>0</Version>
<Level>0</Level>
<Task>12544</Task>
<Opcode>0</Opcode>
<Keywords>0x8020000000000000</Keywords>
<TimeCreated SystemTime="2021-11-19 22:30:15.128057"></TimeCreated>
<EventRecordID>130475</EventRecordID>
<Correlation ActivityID="" RelatedActivityID=""></Correlation>
<Execution ProcessID="512" ThreadID="2128"></Execution>
<Channel>Security</Channel>
<Computer>WIN-UV1J6MF0DTJ.will.local</Computer>
<Security UserID=""></Security>
</System>
<EventData><Data Name="SubjectUserSid">S-1-5-21-3777587639-3470808366-3121508069-500</Data>
<Data Name="SubjectUserName">Administrator</Data>
<Data Name="SubjectDomainName">WILL</Data>
<Data Name="SubjectLogonId">0x0000000000028b58</Data>
<Data Name="LogonGuid">{9f2e4d8f-4f8b-5d78-2782-d6cda2bc9263}</Data>
<Data Name="TargetUserName">ericm</Data>
<Data Name="TargetDomainName"></Data>
<Data Name="TargetLogonGuid">{00000000-0000-0000-0000-000000000000}</Data>
<Data Name="TargetServerName">WIN-UV1J6MF0DTJ.will.local</Data>
<Data Name="TargetInfo">WIN-UV1J6MF0DTJ.will.local</Data>
<Data Name="ProcessId">0x00000000000008f8</Data>
<Data Name="ProcessName">C:\Windows\System32\WindowsPowerShell\v1.0\powershell.exe</Data>
<Data Name="IpAddress">-</Data>
<Data Name="IpPort">-</Data>
</EventData>
</Event>

<Event xmlns="http://schemas.microsoft.com/win/2004/08/events/event"><System><Provider Name="Microsoft-Windows-Security-Auditing" Guid="{54849625-5478-4994-a5ba-3e3b0328c30d}"></Provider>
<EventID Qualifiers="">4625</EventID>
<Version>0</Version>
<Level>0</Level>
<Task>12544</Task>
<Opcode>0</Opcode>
<Keywords>0x8010000000000000</Keywords>
<TimeCreated SystemTime="2021-11-19 22:30:15.128057"></TimeCreated>
<EventRecordID>130476</EventRecordID>
<Correlation ActivityID="" RelatedActivityID=""></Correlation>
<Execution ProcessID="512" ThreadID="1056"></Execution>
<Channel>Security</Channel>
<Computer>WIN-UV1J6MF0DTJ.will.local</Computer>
<Security UserID=""></Security>
</System>
<EventData><Data Name="SubjectUserSid">S-1-0-0</Data>
<Data Name="SubjectUserName">-</Data>
<Data Name="SubjectDomainName">-</Data>
<Data Name="SubjectLogonId">0x0000000000000000</Data>
<Data Name="TargetUserSid">S-1-0-0</Data>
<Data Name="TargetUserName">ericm</Data>
<Data Name="TargetDomainName"></Data>
<Data Name="Status">0xc000006d</Data>
<Data Name="FailureReason">%%2313</Data>
<Data Name="SubStatus">0xc000006a</Data>
<Data Name="LogonType">3</Data>
<Data Name="LogonProcessName">NtLmSsp </Data>
<Data Name="AuthenticationPackageName">NTLM</Data>
<Data Name="WorkstationName">WIN-UV1J6MF0DTJ</Data>
<Data Name="TransmittedServices">-</Data>
<Data Name="LmPackageName">-</Data>
<Data Name="KeyLength">0</Data>
<Data Name="ProcessId">0x0000000000000000</Data>
<Data Name="ProcessName">-</Data>
<Data Name="IpAddress">fe80::a96a:d5fb:c046:57a7</Data>
<Data Name="IpPort">62177</Data>
</EventData>
</Event>

<Event xmlns="http://schemas.microsoft.com/win/2004/08/events/event"><System><Provider Name="Microsoft-Windows-Security-Auditing" Guid="{54849625-5478-4994-a5ba-3e3b0328c30d}"></Provider>
<EventID Qualifiers="">4648</EventID>
<Version>0</Version>
<Level>0</Level>
<Task>12544</Task>
<Opcode>0</Opcode>
<Keywords>0x8020000000000000</Keywords>
<TimeCreated SystemTime="2021-11-19 22:30:15.268658"></TimeCreated>
<EventRecordID>130477</EventRecordID>
<Correlation ActivityID="" RelatedActivityID=""></Correlation>
<Execution ProcessID="512" ThreadID="2128"></Execution>
<Channel>Security</Channel>
<Computer>WIN-UV1J6MF0DTJ.will.local</Computer>
<Security UserID=""></Security>
</System>
<EventData><Data Name="SubjectUserSid">S-1-5-21-3777587639-3470808366-3121508069-500</Data>
<Data Name="SubjectUserName">Administrator</Data>
<Data Name="SubjectDomainName">WILL</Data>
<Data Name="SubjectLogonId">0x0000000000028b58</Data>
<Data Name="LogonGuid">{9f2e4d8f-4f8b-5d78-2782-d6cda2bc9263}</Data>
<Data Name="TargetUserName">ericm</Data>
<Data Name="TargetDomainName"></Data>
<Data Name="TargetLogonGuid">{00000000-0000-0000-0000-000000000000}</Data>
<Data Name="TargetServerName">WIN-UV1J6MF0DTJ.will.local</Data>
<Data Name="TargetInfo">WIN-UV1J6MF0DTJ.will.local</Data>
<Data Name="ProcessId">0x00000000000008f8</Data>
<Data Name="ProcessName">C:\Windows\System32\WindowsPowerShell\v1.0\powershell.exe</Data>
<Data Name="IpAddress">-</Data>
<Data Name="IpPort">-</Data>
</EventData>
</Event>

